2025-06-17 14:39:31,687 [Worker-4: Loading available Gradle versions] INFO  o.e.b.c.i.u.g.PublishedGradleVersions - Gradle version information cache is not available. Remote download required.
2025-06-17 14:40:00,618 [Worker-4: Loading available Gradle versions] INFO  o.e.b.c.i.u.g.PublishedGradleVersions - Gradle version information cache is up-to-date. Trying to read.
2025-06-17 14:40:32,768 [Worker-2: Building] INFO  o.e.m.c.i.l.LifecycleMappingFactory - Using org.eclipse.m2e.jdt.JarLifecycleMapping lifecycle mapping for MavenProject: com.project.feastify:feastify:0.0.1 @ D:\Project CDAC\Feastify - Online Food Ordering Project\Feastify\pom.xml.
2025-06-17 14:40:34,634 [Worker-2: Building] INFO  o.a.m.s.f.DefaultMavenResourcesFiltering - Copying 1 resource from src\main\resources to target\classes
2025-06-17 14:40:34,662 [Worker-2: Building] INFO  o.a.m.s.f.DefaultMavenResourcesFiltering - Copying 0 resource from src\main\resources to target\classes
2025-06-17 14:40:34,666 [Worker-2: Building] INFO  o.a.m.s.f.DefaultMavenResourcesFiltering - skip non existing resourceDirectory D:\Project CDAC\Feastify - Online Food Ordering Project\Feastify\src\test\resources
2025-06-17 14:40:36,226 [Worker-6: Building] INFO  o.a.m.s.f.DefaultMavenResourcesFiltering - Copying 1 resource from src\main\resources to target\classes
2025-06-17 14:40:36,228 [Worker-6: Building] INFO  o.a.m.s.f.DefaultMavenResourcesFiltering - Copying 0 resource from src\main\resources to target\classes
2025-06-17 14:40:36,231 [Worker-6: Building] INFO  o.a.m.s.f.DefaultMavenResourcesFiltering - skip non existing resourceDirectory D:\Project CDAC\Feastify - Online Food Ordering Project\Feastify\src\test\resources
2025-06-17 14:40:49,209 [Worker-6: Updating Maven Project] INFO  o.e.m.c.i.p.ProjectConfigurationManager - Update started
2025-06-17 14:40:49,576 [Worker-6: Updating Maven Project] INFO  o.e.m.c.i.l.LifecycleMappingFactory - Using org.eclipse.m2e.jdt.JarLifecycleMapping lifecycle mapping for MavenProject: com.project.feastify:feastify:0.0.1 @ D:\Project CDAC\Feastify - Online Food Ordering Project\Feastify\pom.xml.
2025-06-17 14:40:50,199 [Worker-6: Updating Maven Project] INFO  o.e.m.j.i.AbstractJavaProjectConfigurator - Adding source folder /Feastify/src/main/java
2025-06-17 14:40:50,201 [Worker-6: Updating Maven Project] INFO  o.e.m.j.i.AbstractJavaProjectConfigurator - Adding resource folder /Feastify/src/main/resources
2025-06-17 14:40:50,201 [Worker-6: Updating Maven Project] INFO  o.e.m.j.i.AbstractJavaProjectConfigurator - Adding resource folder /Feastify/src/main/resources
2025-06-17 14:40:50,202 [Worker-6: Updating Maven Project] INFO  o.e.m.j.i.AbstractJavaProjectConfigurator - Adding source folder /Feastify/src/test/java
2025-06-17 14:40:50,204 [Worker-6: Updating Maven Project] INFO  o.e.m.j.i.AbstractJavaProjectConfigurator - Adding resource folder /Feastify/src/test/resources
2025-06-17 14:40:50,532 [Worker-6: Updating Maven Project] INFO  o.e.m.c.i.p.ProjectConfigurationManager - Update completed for 1 poms: local refresh takes 0.00 sec, refresh facades takes 0.00 sec, update config takes 0.00 sec 
2025-06-17 14:40:50,929 [Worker-7: Building] INFO  o.a.m.s.f.DefaultMavenResourcesFiltering - Copying 1 resource from src\main\resources to target\classes
2025-06-17 14:40:50,946 [Worker-7: Building] INFO  o.a.m.s.f.DefaultMavenResourcesFiltering - Copying 0 resource from src\main\resources to target\classes
2025-06-17 14:40:50,950 [Worker-7: Building] INFO  o.a.m.s.f.DefaultMavenResourcesFiltering - skip non existing resourceDirectory D:\Project CDAC\Feastify - Online Food Ordering Project\Feastify\src\test\resources
2025-06-17 14:51:27,157 [Worker-15: Building] INFO  o.a.m.s.f.DefaultMavenResourcesFiltering - Copying 1 resource from src\main\resources to target\classes
2025-06-17 14:51:27,165 [Worker-15: Building] INFO  o.a.m.s.f.DefaultMavenResourcesFiltering - Copying 0 resource from src\main\resources to target\classes
2025-06-17 14:51:27,167 [Worker-15: Building] INFO  o.a.m.s.f.DefaultMavenResourcesFiltering - skip non existing resourceDirectory D:\Project CDAC\Feastify - Online Food Ordering Project\Feastify\src\test\resources
2025-06-17 14:51:43,905 [Worker-15: Updating Maven Project] INFO  o.e.m.c.i.p.ProjectConfigurationManager - Update started
2025-06-17 14:51:44,180 [Worker-15: Updating Maven Project] INFO  o.e.m.c.i.l.LifecycleMappingFactory - Using org.eclipse.m2e.jdt.JarLifecycleMapping lifecycle mapping for MavenProject: com.project.feastify:feastify:0.0.1 @ D:\Project CDAC\Feastify - Online Food Ordering Project\Feastify\pom.xml.
2025-06-17 14:51:44,775 [Worker-15: Updating Maven Project] INFO  o.e.m.j.i.AbstractJavaProjectConfigurator - Adding source folder /Feastify/src/main/java
2025-06-17 14:51:44,776 [Worker-15: Updating Maven Project] INFO  o.e.m.j.i.AbstractJavaProjectConfigurator - Adding resource folder /Feastify/src/main/resources
2025-06-17 14:51:44,776 [Worker-15: Updating Maven Project] INFO  o.e.m.j.i.AbstractJavaProjectConfigurator - Adding resource folder /Feastify/src/main/resources
2025-06-17 14:51:44,776 [Worker-15: Updating Maven Project] INFO  o.e.m.j.i.AbstractJavaProjectConfigurator - Adding source folder /Feastify/src/test/java
2025-06-17 14:51:44,777 [Worker-15: Updating Maven Project] INFO  o.e.m.j.i.AbstractJavaProjectConfigurator - Adding resource folder /Feastify/src/test/resources
2025-06-17 14:51:44,994 [Worker-15: Updating Maven Project] INFO  o.e.m.c.i.p.ProjectConfigurationManager - Update completed for 1 poms: local refresh takes 0.00 sec, refresh facades takes 0.00 sec, update config takes 0.00 sec 
2025-06-17 14:51:45,298 [Worker-1: Building] INFO  o.a.m.s.f.DefaultMavenResourcesFiltering - Copying 1 resource from src\main\resources to target\classes
2025-06-17 14:51:45,309 [Worker-1: Building] INFO  o.a.m.s.f.DefaultMavenResourcesFiltering - Copying 0 resource from src\main\resources to target\classes
2025-06-17 14:51:45,312 [Worker-1: Building] INFO  o.a.m.s.f.DefaultMavenResourcesFiltering - skip non existing resourceDirectory D:\Project CDAC\Feastify - Online Food Ordering Project\Feastify\src\test\resources
2025-06-17 15:49:16,139 [Worker-5: Loading available Gradle versions] INFO  o.e.b.c.i.u.g.PublishedGradleVersions - Gradle version information cache is up-to-date. Trying to read.
2025-06-21 19:50:29,857 [Worker-5: Loading available Gradle versions] INFO  o.e.b.c.i.u.g.PublishedGradleVersions - Gradle version information cache is out-of-date. Trying to update.
2025-07-21 16:16:39,530 [Worker-5: Loading available Gradle versions] INFO  o.e.b.c.i.u.g.PublishedGradleVersions - Gradle version information cache is out-of-date. Trying to update.
2025-07-22 12:31:01,439 [Worker-42: Launching Feastify - FeastifyApplication] INFO  o.a.m.s.f.DefaultMavenResourcesFiltering - Copying 1 resource from src\main\resources to target\classes
2025-07-22 12:31:01,463 [Worker-42: Launching Feastify - FeastifyApplication] INFO  o.a.m.s.f.DefaultMavenResourcesFiltering - Copying 0 resource from src\main\resources to target\classes
2025-07-22 12:31:01,467 [Worker-42: Launching Feastify - FeastifyApplication] INFO  o.a.m.s.f.DefaultMavenResourcesFiltering - skip non existing resourceDirectory D:\Project CDAC\Feastify - Online Food Ordering Project\Feastify\src\test\resources
2025-07-22 12:39:24,902 [Worker-43: Building] INFO  o.a.m.s.f.DefaultMavenResourcesFiltering - Copying 0 resource from src\main\resources to target\classes
2025-07-22 12:39:24,904 [Worker-43: Building] INFO  o.a.m.s.f.DefaultMavenResourcesFiltering - Copying 0 resource from src\main\resources to target\classes
2025-07-22 12:39:24,908 [Worker-43: Building] INFO  o.a.m.s.f.DefaultMavenResourcesFiltering - skip non existing resourceDirectory D:\Project CDAC\Feastify - Online Food Ordering Project\Feastify\src\test\resources
2025-07-22 12:39:25,966 [Worker-45: Building] INFO  o.a.m.s.f.DefaultMavenResourcesFiltering - Copying 0 resource from src\main\resources to target\classes
2025-07-22 12:39:25,966 [Worker-45: Building] INFO  o.a.m.s.f.DefaultMavenResourcesFiltering - Copying 0 resource from src\main\resources to target\classes
2025-07-22 12:39:25,973 [Worker-45: Building] INFO  o.a.m.s.f.DefaultMavenResourcesFiltering - skip non existing resourceDirectory D:\Project CDAC\Feastify - Online Food Ordering Project\Feastify\src\test\resources
2025-07-22 12:39:44,794 [Worker-43: Building] INFO  o.a.m.s.f.DefaultMavenResourcesFiltering - Copying 0 resource from src\main\resources to target\classes
2025-07-22 12:39:44,795 [Worker-43: Building] INFO  o.a.m.s.f.DefaultMavenResourcesFiltering - Copying 0 resource from src\main\resources to target\classes
2025-07-22 12:39:44,799 [Worker-43: Building] INFO  o.a.m.s.f.DefaultMavenResourcesFiltering - skip non existing resourceDirectory D:\Project CDAC\Feastify - Online Food Ordering Project\Feastify\src\test\resources
2025-07-22 12:39:58,601 [Worker-39: Building] INFO  o.a.m.s.f.DefaultMavenResourcesFiltering - Copying 0 resource from src\main\resources to target\classes
2025-07-22 12:39:58,617 [Worker-39: Building] INFO  o.a.m.s.f.DefaultMavenResourcesFiltering - Copying 0 resource from src\main\resources to target\classes
2025-07-22 12:39:58,626 [Worker-39: Building] INFO  o.a.m.s.f.DefaultMavenResourcesFiltering - skip non existing resourceDirectory D:\Project CDAC\Feastify - Online Food Ordering Project\Feastify\src\test\resources
2025-07-22 12:40:56,580 [Worker-39: Building] INFO  o.a.m.s.f.DefaultMavenResourcesFiltering - Copying 0 resource from src\main\resources to target\classes
2025-07-22 12:40:56,580 [Worker-39: Building] INFO  o.a.m.s.f.DefaultMavenResourcesFiltering - Copying 0 resource from src\main\resources to target\classes
2025-07-22 12:40:56,585 [Worker-39: Building] INFO  o.a.m.s.f.DefaultMavenResourcesFiltering - skip non existing resourceDirectory D:\Project CDAC\Feastify - Online Food Ordering Project\Feastify\src\test\resources
2025-07-22 12:41:26,333 [Worker-28: Building] INFO  o.a.m.s.f.DefaultMavenResourcesFiltering - Copying 0 resource from src\main\resources to target\classes
2025-07-22 12:41:26,334 [Worker-28: Building] INFO  o.a.m.s.f.DefaultMavenResourcesFiltering - Copying 0 resource from src\main\resources to target\classes
2025-07-22 12:41:26,337 [Worker-28: Building] INFO  o.a.m.s.f.DefaultMavenResourcesFiltering - skip non existing resourceDirectory D:\Project CDAC\Feastify - Online Food Ordering Project\Feastify\src\test\resources
2025-07-22 12:42:39,072 [Worker-28: Building] INFO  o.a.m.s.f.DefaultMavenResourcesFiltering - Copying 0 resource from src\main\resources to target\classes
2025-07-22 12:42:39,073 [Worker-28: Building] INFO  o.a.m.s.f.DefaultMavenResourcesFiltering - Copying 0 resource from src\main\resources to target\classes
2025-07-22 12:42:39,078 [Worker-28: Building] INFO  o.a.m.s.f.DefaultMavenResourcesFiltering - skip non existing resourceDirectory D:\Project CDAC\Feastify - Online Food Ordering Project\Feastify\src\test\resources
2025-07-22 19:00:18,798 [Worker-5: Loading available Gradle versions] INFO  o.e.b.c.i.u.g.PublishedGradleVersions - Gradle version information cache is out-of-date. Trying to update.
2025-07-22 19:16:30,433 [Worker-5: Building] INFO  o.a.m.s.f.DefaultMavenResourcesFiltering - Copying 1 resource from src\main\resources to target\classes
2025-07-22 19:16:30,460 [Worker-5: Building] INFO  o.a.m.s.f.DefaultMavenResourcesFiltering - Copying 0 resource from src\main\resources to target\classes
2025-07-22 19:16:30,466 [Worker-5: Building] INFO  o.a.m.s.f.DefaultMavenResourcesFiltering - skip non existing resourceDirectory D:\Project CDAC\Feastify - Online Food Ordering Project\Feastify\src\test\resources
2025-07-22 19:17:14,317 [Worker-11: Building] INFO  o.a.m.s.f.DefaultMavenResourcesFiltering - Copying 1 resource from src\main\resources to target\classes
2025-07-22 19:17:14,323 [Worker-11: Building] INFO  o.a.m.s.f.DefaultMavenResourcesFiltering - Copying 0 resource from src\main\resources to target\classes
2025-07-22 19:17:14,326 [Worker-11: Building] INFO  o.a.m.s.f.DefaultMavenResourcesFiltering - skip non existing resourceDirectory D:\Project CDAC\Feastify - Online Food Ordering Project\Feastify\src\test\resources
2025-07-22 19:28:19,827 [Worker-4: Building] INFO  o.a.m.s.f.DefaultMavenResourcesFiltering - Copying 1 resource from src\main\resources to target\classes
2025-07-22 19:28:19,837 [Worker-4: Building] INFO  o.a.m.s.f.DefaultMavenResourcesFiltering - Copying 0 resource from src\main\resources to target\classes
2025-07-22 19:28:19,841 [Worker-4: Building] INFO  o.a.m.s.f.DefaultMavenResourcesFiltering - skip non existing resourceDirectory D:\Project CDAC\Feastify - Online Food Ordering Project\Feastify\src\test\resources
2025-07-22 19:28:32,502 [Worker-16: Building] INFO  o.a.m.s.f.DefaultMavenResourcesFiltering - Copying 1 resource from src\main\resources to target\classes
2025-07-22 19:28:32,511 [Worker-16: Building] INFO  o.a.m.s.f.DefaultMavenResourcesFiltering - Copying 0 resource from src\main\resources to target\classes
2025-07-22 19:28:32,514 [Worker-16: Building] INFO  o.a.m.s.f.DefaultMavenResourcesFiltering - skip non existing resourceDirectory D:\Project CDAC\Feastify - Online Food Ordering Project\Feastify\src\test\resources
2025-07-22 19:29:28,429 [Worker-16: Building] INFO  o.a.m.s.f.DefaultMavenResourcesFiltering - Copying 1 resource from src\main\resources to target\classes
2025-07-22 19:29:28,435 [Worker-16: Building] INFO  o.a.m.s.f.DefaultMavenResourcesFiltering - Copying 0 resource from src\main\resources to target\classes
2025-07-22 19:29:28,438 [Worker-16: Building] INFO  o.a.m.s.f.DefaultMavenResourcesFiltering - skip non existing resourceDirectory D:\Project CDAC\Feastify - Online Food Ordering Project\Feastify\src\test\resources
2025-07-22 19:55:38,599 [Worker-13: Building] INFO  o.a.m.s.f.DefaultMavenResourcesFiltering - Copying 1 resource from src\main\resources to target\classes
2025-07-22 19:55:38,607 [Worker-13: Building] INFO  o.a.m.s.f.DefaultMavenResourcesFiltering - Copying 0 resource from src\main\resources to target\classes
2025-07-22 19:55:38,611 [Worker-13: Building] INFO  o.a.m.s.f.DefaultMavenResourcesFiltering - skip non existing resourceDirectory D:\Project CDAC\Feastify - Online Food Ordering Project\Feastify\src\test\resources
2025-07-22 20:28:31,990 [Worker-1: Building] INFO  o.a.m.s.f.DefaultMavenResourcesFiltering - Copying 1 resource from src\main\resources to target\classes
2025-07-22 20:28:32,001 [Worker-1: Building] INFO  o.a.m.s.f.DefaultMavenResourcesFiltering - Copying 0 resource from src\main\resources to target\classes
2025-07-22 20:28:32,004 [Worker-1: Building] INFO  o.a.m.s.f.DefaultMavenResourcesFiltering - skip non existing resourceDirectory D:\Project CDAC\Feastify - Online Food Ordering Project\Feastify\src\test\resources
2025-07-22 20:47:14,192 [Worker-15: Building] INFO  o.e.m.c.i.l.LifecycleMappingFactory - Using org.eclipse.m2e.jdt.JarLifecycleMapping lifecycle mapping for MavenProject: com.project.feastify:feastify:0.0.1 @ D:\Project CDAC\Feastify - Online Food Ordering Project\Feastify\pom.xml.
2025-07-22 20:47:15,472 [Worker-15: Building] INFO  o.a.m.s.f.DefaultMavenResourcesFiltering - Copying 0 resource from src\main\resources to target\classes
2025-07-22 20:47:15,473 [Worker-15: Building] INFO  o.a.m.s.f.DefaultMavenResourcesFiltering - Copying 0 resource from src\main\resources to target\classes
2025-07-22 20:47:15,479 [Worker-15: Building] INFO  o.a.m.s.f.DefaultMavenResourcesFiltering - skip non existing resourceDirectory D:\Project CDAC\Feastify - Online Food Ordering Project\Feastify\src\test\resources
2025-07-22 20:47:17,048 [Worker-5: Building] INFO  o.a.m.s.f.DefaultMavenResourcesFiltering - Copying 1 resource from src\main\resources to target\classes
2025-07-22 20:47:17,093 [Worker-5: Building] INFO  o.a.m.s.f.DefaultMavenResourcesFiltering - Copying 0 resource from src\main\resources to target\classes
2025-07-22 20:47:17,098 [Worker-5: Building] INFO  o.a.m.s.f.DefaultMavenResourcesFiltering - skip non existing resourceDirectory D:\Project CDAC\Feastify - Online Food Ordering Project\Feastify\src\test\resources
2025-07-22 20:47:25,466 [main] INFO  o.e.m2e.actions.ExecutePomAction - Creating new launch configuration
2025-07-22 20:47:32,342 [Worker-5: Launching Feastify] INFO  o.eclipse.m2e.core.internal.Bundles - getClasspathEntries(Bundle=org.eclipse.m2e.maven.runtime_3.9.900.20250220-2013 [361])
2025-07-22 20:47:32,344 [Worker-5: Launching Feastify] INFO  o.eclipse.m2e.core.internal.Bundles - 	Entry: D:\Cdac\Web-Development in Java\softwares-20250504T044922Z-1-001\softwares\sts-4.30.0.RELEASE\plugins\org.eclipse.m2e.maven.runtime_3.9.900.20250220-2013
2025-07-22 20:47:32,344 [Worker-5: Launching Feastify] INFO  o.eclipse.m2e.core.internal.Bundles - 	Entry: D:\Cdac\Web-Development in Java\softwares-20250504T044922Z-1-001\softwares\sts-4.30.0.RELEASE\plugins\org.eclipse.m2e.maven.runtime_3.9.900.20250220-2013\jars\aopalliance-1.0.jar
2025-07-22 20:47:32,344 [Worker-5: Launching Feastify] INFO  o.eclipse.m2e.core.internal.Bundles - 	Entry: D:\Cdac\Web-Development in Java\softwares-20250504T044922Z-1-001\softwares\sts-4.30.0.RELEASE\plugins\org.eclipse.m2e.maven.runtime_3.9.900.20250220-2013\jars\guice-5.1.0.jar
2025-07-22 20:47:32,344 [Worker-5: Launching Feastify] INFO  o.eclipse.m2e.core.internal.Bundles - 	Entry: D:\Cdac\Web-Development in Java\softwares-20250504T044922Z-1-001\softwares\sts-4.30.0.RELEASE\plugins\org.eclipse.m2e.maven.runtime_3.9.900.20250220-2013\jars\httpclient-4.5.14.jar
2025-07-22 20:47:32,345 [Worker-5: Launching Feastify] INFO  o.eclipse.m2e.core.internal.Bundles - 	Entry: D:\Cdac\Web-Development in Java\softwares-20250504T044922Z-1-001\softwares\sts-4.30.0.RELEASE\plugins\org.eclipse.m2e.maven.runtime_3.9.900.20250220-2013\jars\httpcore-4.4.16.jar
2025-07-22 20:47:32,345 [Worker-5: Launching Feastify] INFO  o.eclipse.m2e.core.internal.Bundles - 	Entry: D:\Cdac\Web-Development in Java\softwares-20250504T044922Z-1-001\softwares\sts-4.30.0.RELEASE\plugins\org.eclipse.m2e.maven.runtime_3.9.900.20250220-2013\jars\jansi-2.4.1.jar
2025-07-22 20:47:32,345 [Worker-5: Launching Feastify] INFO  o.eclipse.m2e.core.internal.Bundles - 	Entry: D:\Cdac\Web-Development in Java\softwares-20250504T044922Z-1-001\softwares\sts-4.30.0.RELEASE\plugins\org.eclipse.m2e.maven.runtime_3.9.900.20250220-2013\jars\jcl-over-slf4j-1.7.36.jar
2025-07-22 20:47:32,345 [Worker-5: Launching Feastify] INFO  o.eclipse.m2e.core.internal.Bundles - 	Entry: D:\Cdac\Web-Development in Java\softwares-20250504T044922Z-1-001\softwares\sts-4.30.0.RELEASE\plugins\org.eclipse.m2e.maven.runtime_3.9.900.20250220-2013\jars\maven-artifact-3.9.9.jar
2025-07-22 20:47:32,345 [Worker-5: Launching Feastify] INFO  o.eclipse.m2e.core.internal.Bundles - 	Entry: D:\Cdac\Web-Development in Java\softwares-20250504T044922Z-1-001\softwares\sts-4.30.0.RELEASE\plugins\org.eclipse.m2e.maven.runtime_3.9.900.20250220-2013\jars\maven-builder-support-3.9.9.jar
2025-07-22 20:47:32,345 [Worker-5: Launching Feastify] INFO  o.eclipse.m2e.core.internal.Bundles - 	Entry: D:\Cdac\Web-Development in Java\softwares-20250504T044922Z-1-001\softwares\sts-4.30.0.RELEASE\plugins\org.eclipse.m2e.maven.runtime_3.9.900.20250220-2013\jars\maven-compat-3.9.9.jar
2025-07-22 20:47:32,345 [Worker-5: Launching Feastify] INFO  o.eclipse.m2e.core.internal.Bundles - 	Entry: D:\Cdac\Web-Development in Java\softwares-20250504T044922Z-1-001\softwares\sts-4.30.0.RELEASE\plugins\org.eclipse.m2e.maven.runtime_3.9.900.20250220-2013\jars\maven-core-3.9.9.jar
2025-07-22 20:47:32,345 [Worker-5: Launching Feastify] INFO  o.eclipse.m2e.core.internal.Bundles - 	Entry: D:\Cdac\Web-Development in Java\softwares-20250504T044922Z-1-001\softwares\sts-4.30.0.RELEASE\plugins\org.eclipse.m2e.maven.runtime_3.9.900.20250220-2013\jars\maven-embedder-3.9.9.jar
2025-07-22 20:47:32,345 [Worker-5: Launching Feastify] INFO  o.eclipse.m2e.core.internal.Bundles - 	Entry: D:\Cdac\Web-Development in Java\softwares-20250504T044922Z-1-001\softwares\sts-4.30.0.RELEASE\plugins\org.eclipse.m2e.maven.runtime_3.9.900.20250220-2013\jars\maven-model-3.9.9.jar
2025-07-22 20:47:32,345 [Worker-5: Launching Feastify] INFO  o.eclipse.m2e.core.internal.Bundles - 	Entry: D:\Cdac\Web-Development in Java\softwares-20250504T044922Z-1-001\softwares\sts-4.30.0.RELEASE\plugins\org.eclipse.m2e.maven.runtime_3.9.900.20250220-2013\jars\maven-model-builder-3.9.9.jar
2025-07-22 20:47:32,345 [Worker-5: Launching Feastify] INFO  o.eclipse.m2e.core.internal.Bundles - 	Entry: D:\Cdac\Web-Development in Java\softwares-20250504T044922Z-1-001\softwares\sts-4.30.0.RELEASE\plugins\org.eclipse.m2e.maven.runtime_3.9.900.20250220-2013\jars\maven-plugin-api-3.9.9.jar
2025-07-22 20:47:32,346 [Worker-5: Launching Feastify] INFO  o.eclipse.m2e.core.internal.Bundles - 	Entry: D:\Cdac\Web-Development in Java\softwares-20250504T044922Z-1-001\softwares\sts-4.30.0.RELEASE\plugins\org.eclipse.m2e.maven.runtime_3.9.900.20250220-2013\jars\maven-repository-metadata-3.9.9.jar
2025-07-22 20:47:32,346 [Worker-5: Launching Feastify] INFO  o.eclipse.m2e.core.internal.Bundles - 	Entry: D:\Cdac\Web-Development in Java\softwares-20250504T044922Z-1-001\softwares\sts-4.30.0.RELEASE\plugins\org.eclipse.m2e.maven.runtime_3.9.900.20250220-2013\jars\maven-resolver-api-1.9.22.jar
2025-07-22 20:47:32,346 [Worker-5: Launching Feastify] INFO  o.eclipse.m2e.core.internal.Bundles - 	Entry: D:\Cdac\Web-Development in Java\softwares-20250504T044922Z-1-001\softwares\sts-4.30.0.RELEASE\plugins\org.eclipse.m2e.maven.runtime_3.9.900.20250220-2013\jars\maven-resolver-connector-basic-1.9.22.jar
2025-07-22 20:47:32,346 [Worker-5: Launching Feastify] INFO  o.eclipse.m2e.core.internal.Bundles - 	Entry: D:\Cdac\Web-Development in Java\softwares-20250504T044922Z-1-001\softwares\sts-4.30.0.RELEASE\plugins\org.eclipse.m2e.maven.runtime_3.9.900.20250220-2013\jars\maven-resolver-impl-1.9.22.jar
2025-07-22 20:47:32,346 [Worker-5: Launching Feastify] INFO  o.eclipse.m2e.core.internal.Bundles - 	Entry: D:\Cdac\Web-Development in Java\softwares-20250504T044922Z-1-001\softwares\sts-4.30.0.RELEASE\plugins\org.eclipse.m2e.maven.runtime_3.9.900.20250220-2013\jars\maven-resolver-named-locks-1.9.22.jar
2025-07-22 20:47:32,346 [Worker-5: Launching Feastify] INFO  o.eclipse.m2e.core.internal.Bundles - 	Entry: D:\Cdac\Web-Development in Java\softwares-20250504T044922Z-1-001\softwares\sts-4.30.0.RELEASE\plugins\org.eclipse.m2e.maven.runtime_3.9.900.20250220-2013\jars\maven-resolver-provider-3.9.9.jar
2025-07-22 20:47:32,346 [Worker-5: Launching Feastify] INFO  o.eclipse.m2e.core.internal.Bundles - 	Entry: D:\Cdac\Web-Development in Java\softwares-20250504T044922Z-1-001\softwares\sts-4.30.0.RELEASE\plugins\org.eclipse.m2e.maven.runtime_3.9.900.20250220-2013\jars\maven-resolver-spi-1.9.22.jar
2025-07-22 20:47:32,346 [Worker-5: Launching Feastify] INFO  o.eclipse.m2e.core.internal.Bundles - 	Entry: D:\Cdac\Web-Development in Java\softwares-20250504T044922Z-1-001\softwares\sts-4.30.0.RELEASE\plugins\org.eclipse.m2e.maven.runtime_3.9.900.20250220-2013\jars\maven-resolver-transport-file-1.9.22.jar
2025-07-22 20:47:32,346 [Worker-5: Launching Feastify] INFO  o.eclipse.m2e.core.internal.Bundles - 	Entry: D:\Cdac\Web-Development in Java\softwares-20250504T044922Z-1-001\softwares\sts-4.30.0.RELEASE\plugins\org.eclipse.m2e.maven.runtime_3.9.900.20250220-2013\jars\maven-resolver-transport-http-1.9.22.jar
2025-07-22 20:47:32,346 [Worker-5: Launching Feastify] INFO  o.eclipse.m2e.core.internal.Bundles - 	Entry: D:\Cdac\Web-Development in Java\softwares-20250504T044922Z-1-001\softwares\sts-4.30.0.RELEASE\plugins\org.eclipse.m2e.maven.runtime_3.9.900.20250220-2013\jars\maven-resolver-transport-wagon-1.9.22.jar
2025-07-22 20:47:32,346 [Worker-5: Launching Feastify] INFO  o.eclipse.m2e.core.internal.Bundles - 	Entry: D:\Cdac\Web-Development in Java\softwares-20250504T044922Z-1-001\softwares\sts-4.30.0.RELEASE\plugins\org.eclipse.m2e.maven.runtime_3.9.900.20250220-2013\jars\maven-resolver-util-1.9.22.jar
2025-07-22 20:47:32,346 [Worker-5: Launching Feastify] INFO  o.eclipse.m2e.core.internal.Bundles - 	Entry: D:\Cdac\Web-Development in Java\softwares-20250504T044922Z-1-001\softwares\sts-4.30.0.RELEASE\plugins\org.eclipse.m2e.maven.runtime_3.9.900.20250220-2013\jars\maven-settings-3.9.9.jar
2025-07-22 20:47:32,346 [Worker-5: Launching Feastify] INFO  o.eclipse.m2e.core.internal.Bundles - 	Entry: D:\Cdac\Web-Development in Java\softwares-20250504T044922Z-1-001\softwares\sts-4.30.0.RELEASE\plugins\org.eclipse.m2e.maven.runtime_3.9.900.20250220-2013\jars\maven-settings-builder-3.9.9.jar
2025-07-22 20:47:32,347 [Worker-5: Launching Feastify] INFO  o.eclipse.m2e.core.internal.Bundles - 	Entry: D:\Cdac\Web-Development in Java\softwares-20250504T044922Z-1-001\softwares\sts-4.30.0.RELEASE\plugins\org.eclipse.m2e.maven.runtime_3.9.900.20250220-2013\jars\maven-shared-utils-3.4.2.jar
2025-07-22 20:47:32,347 [Worker-5: Launching Feastify] INFO  o.eclipse.m2e.core.internal.Bundles - 	Entry: D:\Cdac\Web-Development in Java\softwares-20250504T044922Z-1-001\softwares\sts-4.30.0.RELEASE\plugins\org.eclipse.m2e.maven.runtime_3.9.900.20250220-2013\jars\org.eclipse.sisu.inject-0.9.0.M3.jar
2025-07-22 20:47:32,347 [Worker-5: Launching Feastify] INFO  o.eclipse.m2e.core.internal.Bundles - 	Entry: D:\Cdac\Web-Development in Java\softwares-20250504T044922Z-1-001\softwares\sts-4.30.0.RELEASE\plugins\org.eclipse.m2e.maven.runtime_3.9.900.20250220-2013\jars\org.eclipse.sisu.plexus-0.9.0.M3.jar
2025-07-22 20:47:32,347 [Worker-5: Launching Feastify] INFO  o.eclipse.m2e.core.internal.Bundles - 	Entry: D:\Cdac\Web-Development in Java\softwares-20250504T044922Z-1-001\softwares\sts-4.30.0.RELEASE\plugins\org.eclipse.m2e.maven.runtime_3.9.900.20250220-2013\jars\plexus-build-api-0.0.7.jar
2025-07-22 20:47:32,347 [Worker-5: Launching Feastify] INFO  o.eclipse.m2e.core.internal.Bundles - 	Entry: D:\Cdac\Web-Development in Java\softwares-20250504T044922Z-1-001\softwares\sts-4.30.0.RELEASE\plugins\org.eclipse.m2e.maven.runtime_3.9.900.20250220-2013\jars\plexus-build-api-1.2.0.jar
2025-07-22 20:47:32,348 [Worker-5: Launching Feastify] INFO  o.eclipse.m2e.core.internal.Bundles - 	Entry: D:\Cdac\Web-Development in Java\softwares-20250504T044922Z-1-001\softwares\sts-4.30.0.RELEASE\plugins\org.eclipse.m2e.maven.runtime_3.9.900.20250220-2013\jars\plexus-cipher-2.0.jar
2025-07-22 20:47:32,348 [Worker-5: Launching Feastify] INFO  o.eclipse.m2e.core.internal.Bundles - 	Entry: D:\Cdac\Web-Development in Java\softwares-20250504T044922Z-1-001\softwares\sts-4.30.0.RELEASE\plugins\org.eclipse.m2e.maven.runtime_3.9.900.20250220-2013\jars\plexus-classworlds-2.8.0.jar
2025-07-22 20:47:32,348 [Worker-5: Launching Feastify] INFO  o.eclipse.m2e.core.internal.Bundles - 	Entry: D:\Cdac\Web-Development in Java\softwares-20250504T044922Z-1-001\softwares\sts-4.30.0.RELEASE\plugins\org.eclipse.m2e.maven.runtime_3.9.900.20250220-2013\jars\plexus-component-annotations-2.1.0.jar
2025-07-22 20:47:32,348 [Worker-5: Launching Feastify] INFO  o.eclipse.m2e.core.internal.Bundles - 	Entry: D:\Cdac\Web-Development in Java\softwares-20250504T044922Z-1-001\softwares\sts-4.30.0.RELEASE\plugins\org.eclipse.m2e.maven.runtime_3.9.900.20250220-2013\jars\plexus-interpolation-1.27.jar
2025-07-22 20:47:32,348 [Worker-5: Launching Feastify] INFO  o.eclipse.m2e.core.internal.Bundles - 	Entry: D:\Cdac\Web-Development in Java\softwares-20250504T044922Z-1-001\softwares\sts-4.30.0.RELEASE\plugins\org.eclipse.m2e.maven.runtime_3.9.900.20250220-2013\jars\plexus-sec-dispatcher-2.0.jar
2025-07-22 20:47:32,348 [Worker-5: Launching Feastify] INFO  o.eclipse.m2e.core.internal.Bundles - 	Entry: D:\Cdac\Web-Development in Java\softwares-20250504T044922Z-1-001\softwares\sts-4.30.0.RELEASE\plugins\org.eclipse.m2e.maven.runtime_3.9.900.20250220-2013\jars\plexus-utils-3.5.1.jar
2025-07-22 20:47:32,348 [Worker-5: Launching Feastify] INFO  o.eclipse.m2e.core.internal.Bundles - 	Entry: D:\Cdac\Web-Development in Java\softwares-20250504T044922Z-1-001\softwares\sts-4.30.0.RELEASE\plugins\org.eclipse.m2e.maven.runtime_3.9.900.20250220-2013\jars\plexus-xml-3.0.1.jar
2025-07-22 20:47:32,348 [Worker-5: Launching Feastify] INFO  o.eclipse.m2e.core.internal.Bundles - 	Entry: D:\Cdac\Web-Development in Java\softwares-20250504T044922Z-1-001\softwares\sts-4.30.0.RELEASE\plugins\org.eclipse.m2e.maven.runtime_3.9.900.20250220-2013\jars\wagon-file-3.5.3.jar
2025-07-22 20:47:32,348 [Worker-5: Launching Feastify] INFO  o.eclipse.m2e.core.internal.Bundles - 	Entry: D:\Cdac\Web-Development in Java\softwares-20250504T044922Z-1-001\softwares\sts-4.30.0.RELEASE\plugins\org.eclipse.m2e.maven.runtime_3.9.900.20250220-2013\jars\wagon-http-3.5.3.jar
2025-07-22 20:47:32,348 [Worker-5: Launching Feastify] INFO  o.eclipse.m2e.core.internal.Bundles - 	Entry: D:\Cdac\Web-Development in Java\softwares-20250504T044922Z-1-001\softwares\sts-4.30.0.RELEASE\plugins\org.eclipse.m2e.maven.runtime_3.9.900.20250220-2013\jars\wagon-http-shared-3.5.3.jar
2025-07-22 20:47:32,348 [Worker-5: Launching Feastify] INFO  o.eclipse.m2e.core.internal.Bundles - 	Entry: D:\Cdac\Web-Development in Java\softwares-20250504T044922Z-1-001\softwares\sts-4.30.0.RELEASE\plugins\org.eclipse.m2e.maven.runtime_3.9.900.20250220-2013\jars\wagon-provider-api-3.5.3.jar
2025-07-22 20:47:32,350 [Worker-5: Launching Feastify] INFO  o.eclipse.m2e.core.internal.Bundles - getClasspathEntries(Bundle=com.google.guava_33.4.0.jre [29])
2025-07-22 20:47:32,350 [Worker-5: Launching Feastify] INFO  o.eclipse.m2e.core.internal.Bundles - 	Entry: D:\Cdac\Web-Development in Java\softwares-20250504T044922Z-1-001\softwares\sts-4.30.0.RELEASE\plugins\com.google.guava_33.4.0.jre.jar
2025-07-22 20:47:32,351 [Worker-5: Launching Feastify] INFO  o.eclipse.m2e.core.internal.Bundles - getClasspathEntries(Bundle=slf4j.api_2.0.17 [608])
2025-07-22 20:47:32,351 [Worker-5: Launching Feastify] INFO  o.eclipse.m2e.core.internal.Bundles - 	Entry: D:\Cdac\Web-Development in Java\softwares-20250504T044922Z-1-001\softwares\sts-4.30.0.RELEASE\plugins\slf4j.api_2.0.17.jar
2025-07-22 20:47:32,351 [Worker-5: Launching Feastify] INFO  o.eclipse.m2e.core.internal.Bundles - getClasspathEntries(Bundle=javax.inject_1.0.0.v20220405-0441 [759])
2025-07-22 20:47:32,352 [Worker-5: Launching Feastify] INFO  o.eclipse.m2e.core.internal.Bundles - 	Entry: D:\Cdac\Web-Development in Java\softwares-20250504T044922Z-1-001\softwares\sts-4.30.0.RELEASE\plugins\javax.inject_1.0.0.v20220405-0441.jar
2025-07-22 20:47:32,352 [Worker-5: Launching Feastify] INFO  o.eclipse.m2e.core.internal.Bundles - getClasspathEntries(Bundle=javax.annotation_1.3.5.v20230504-0748 [758])
2025-07-22 20:47:32,352 [Worker-5: Launching Feastify] INFO  o.eclipse.m2e.core.internal.Bundles - 	Entry: D:\Cdac\Web-Development in Java\softwares-20250504T044922Z-1-001\softwares\sts-4.30.0.RELEASE\plugins\javax.annotation_1.3.5.v20230504-0748.jar
2025-07-22 20:47:32,352 [Worker-5: Launching Feastify] INFO  o.eclipse.m2e.core.internal.Bundles - getClasspathEntries(Bundle=org.apache.commons.cli_1.9.0 [77])
2025-07-22 20:47:32,353 [Worker-5: Launching Feastify] INFO  o.eclipse.m2e.core.internal.Bundles - 	Entry: D:\Cdac\Web-Development in Java\softwares-20250504T044922Z-1-001\softwares\sts-4.30.0.RELEASE\plugins\org.apache.commons.cli_1.9.0.jar
2025-07-22 20:47:32,353 [Worker-5: Launching Feastify] INFO  o.eclipse.m2e.core.internal.Bundles - getClasspathEntries(Bundle=org.apache.commons.commons-codec_1.16.0 [79])
2025-07-22 20:47:32,353 [Worker-5: Launching Feastify] INFO  o.eclipse.m2e.core.internal.Bundles - 	Entry: D:\Cdac\Web-Development in Java\softwares-20250504T044922Z-1-001\softwares\sts-4.30.0.RELEASE\plugins\org.apache.commons.commons-codec_1.16.0.jar
2025-07-22 20:47:32,353 [Worker-5: Launching Feastify] INFO  o.eclipse.m2e.core.internal.Bundles - getClasspathEntries(Bundle=com.google.guava.failureaccess_1.0.2 [30])
2025-07-22 20:47:32,354 [Worker-5: Launching Feastify] INFO  o.eclipse.m2e.core.internal.Bundles - 	Entry: D:\Cdac\Web-Development in Java\softwares-20250504T044922Z-1-001\softwares\sts-4.30.0.RELEASE\plugins\com.google.guava.failureaccess_1.0.2.jar
2025-07-22 20:47:32,358 [Worker-5: Launching Feastify] INFO  o.e.m.i.launch.MavenLaunchDelegate - Run build in "D:\Project CDAC\Feastify - Online Food Ordering Project\Feastify":
2025-07-22 20:47:32,358 [Worker-5: Launching Feastify] INFO  o.e.m.i.launch.MavenLaunchDelegate -  mvn  -Ppom.xml -B -Dstyle.color=always 
2025-07-22 20:48:11,790 [Worker-17: Building] INFO  o.e.m.c.i.l.LifecycleMappingFactory - Using org.eclipse.m2e.jdt.JarLifecycleMapping lifecycle mapping for MavenProject: com.project.feastify:feastify:0.0.1 @ D:\Project CDAC\Feastify - Online Food Ordering Project\Feastify\pom.xml.
2025-07-22 20:48:12,672 [Worker-17: Building] INFO  o.a.m.s.f.DefaultMavenResourcesFiltering - Copying 0 resource from src\main\resources to target\classes
2025-07-22 20:48:12,672 [Worker-17: Building] INFO  o.a.m.s.f.DefaultMavenResourcesFiltering - Copying 0 resource from src\main\resources to target\classes
2025-07-22 20:48:12,678 [Worker-17: Building] INFO  o.a.m.s.f.DefaultMavenResourcesFiltering - skip non existing resourceDirectory D:\Project CDAC\Feastify - Online Food Ordering Project\Feastify\src\test\resources
2025-07-22 20:48:13,137 [Worker-8: Launching Feastify] INFO  o.eclipse.m2e.core.internal.Bundles - getClasspathEntries(Bundle=org.eclipse.m2e.maven.runtime_3.9.900.20250220-2013 [361])
2025-07-22 20:48:13,138 [Worker-8: Launching Feastify] INFO  o.eclipse.m2e.core.internal.Bundles - 	Entry: D:\Cdac\Web-Development in Java\softwares-20250504T044922Z-1-001\softwares\sts-4.30.0.RELEASE\plugins\org.eclipse.m2e.maven.runtime_3.9.900.20250220-2013
2025-07-22 20:48:13,138 [Worker-8: Launching Feastify] INFO  o.eclipse.m2e.core.internal.Bundles - 	Entry: D:\Cdac\Web-Development in Java\softwares-20250504T044922Z-1-001\softwares\sts-4.30.0.RELEASE\plugins\org.eclipse.m2e.maven.runtime_3.9.900.20250220-2013\jars\aopalliance-1.0.jar
2025-07-22 20:48:13,138 [Worker-8: Launching Feastify] INFO  o.eclipse.m2e.core.internal.Bundles - 	Entry: D:\Cdac\Web-Development in Java\softwares-20250504T044922Z-1-001\softwares\sts-4.30.0.RELEASE\plugins\org.eclipse.m2e.maven.runtime_3.9.900.20250220-2013\jars\guice-5.1.0.jar
2025-07-22 20:48:13,138 [Worker-8: Launching Feastify] INFO  o.eclipse.m2e.core.internal.Bundles - 	Entry: D:\Cdac\Web-Development in Java\softwares-20250504T044922Z-1-001\softwares\sts-4.30.0.RELEASE\plugins\org.eclipse.m2e.maven.runtime_3.9.900.20250220-2013\jars\httpclient-4.5.14.jar
2025-07-22 20:48:13,138 [Worker-8: Launching Feastify] INFO  o.eclipse.m2e.core.internal.Bundles - 	Entry: D:\Cdac\Web-Development in Java\softwares-20250504T044922Z-1-001\softwares\sts-4.30.0.RELEASE\plugins\org.eclipse.m2e.maven.runtime_3.9.900.20250220-2013\jars\httpcore-4.4.16.jar
2025-07-22 20:48:13,139 [Worker-8: Launching Feastify] INFO  o.eclipse.m2e.core.internal.Bundles - 	Entry: D:\Cdac\Web-Development in Java\softwares-20250504T044922Z-1-001\softwares\sts-4.30.0.RELEASE\plugins\org.eclipse.m2e.maven.runtime_3.9.900.20250220-2013\jars\jansi-2.4.1.jar
2025-07-22 20:48:13,139 [Worker-8: Launching Feastify] INFO  o.eclipse.m2e.core.internal.Bundles - 	Entry: D:\Cdac\Web-Development in Java\softwares-20250504T044922Z-1-001\softwares\sts-4.30.0.RELEASE\plugins\org.eclipse.m2e.maven.runtime_3.9.900.20250220-2013\jars\jcl-over-slf4j-1.7.36.jar
2025-07-22 20:48:13,139 [Worker-8: Launching Feastify] INFO  o.eclipse.m2e.core.internal.Bundles - 	Entry: D:\Cdac\Web-Development in Java\softwares-20250504T044922Z-1-001\softwares\sts-4.30.0.RELEASE\plugins\org.eclipse.m2e.maven.runtime_3.9.900.20250220-2013\jars\maven-artifact-3.9.9.jar
2025-07-22 20:48:13,139 [Worker-8: Launching Feastify] INFO  o.eclipse.m2e.core.internal.Bundles - 	Entry: D:\Cdac\Web-Development in Java\softwares-20250504T044922Z-1-001\softwares\sts-4.30.0.RELEASE\plugins\org.eclipse.m2e.maven.runtime_3.9.900.20250220-2013\jars\maven-builder-support-3.9.9.jar
2025-07-22 20:48:13,139 [Worker-8: Launching Feastify] INFO  o.eclipse.m2e.core.internal.Bundles - 	Entry: D:\Cdac\Web-Development in Java\softwares-20250504T044922Z-1-001\softwares\sts-4.30.0.RELEASE\plugins\org.eclipse.m2e.maven.runtime_3.9.900.20250220-2013\jars\maven-compat-3.9.9.jar
2025-07-22 20:48:13,139 [Worker-8: Launching Feastify] INFO  o.eclipse.m2e.core.internal.Bundles - 	Entry: D:\Cdac\Web-Development in Java\softwares-20250504T044922Z-1-001\softwares\sts-4.30.0.RELEASE\plugins\org.eclipse.m2e.maven.runtime_3.9.900.20250220-2013\jars\maven-core-3.9.9.jar
2025-07-22 20:48:13,139 [Worker-8: Launching Feastify] INFO  o.eclipse.m2e.core.internal.Bundles - 	Entry: D:\Cdac\Web-Development in Java\softwares-20250504T044922Z-1-001\softwares\sts-4.30.0.RELEASE\plugins\org.eclipse.m2e.maven.runtime_3.9.900.20250220-2013\jars\maven-embedder-3.9.9.jar
2025-07-22 20:48:13,139 [Worker-8: Launching Feastify] INFO  o.eclipse.m2e.core.internal.Bundles - 	Entry: D:\Cdac\Web-Development in Java\softwares-20250504T044922Z-1-001\softwares\sts-4.30.0.RELEASE\plugins\org.eclipse.m2e.maven.runtime_3.9.900.20250220-2013\jars\maven-model-3.9.9.jar
2025-07-22 20:48:13,139 [Worker-8: Launching Feastify] INFO  o.eclipse.m2e.core.internal.Bundles - 	Entry: D:\Cdac\Web-Development in Java\softwares-20250504T044922Z-1-001\softwares\sts-4.30.0.RELEASE\plugins\org.eclipse.m2e.maven.runtime_3.9.900.20250220-2013\jars\maven-model-builder-3.9.9.jar
2025-07-22 20:48:13,139 [Worker-8: Launching Feastify] INFO  o.eclipse.m2e.core.internal.Bundles - 	Entry: D:\Cdac\Web-Development in Java\softwares-20250504T044922Z-1-001\softwares\sts-4.30.0.RELEASE\plugins\org.eclipse.m2e.maven.runtime_3.9.900.20250220-2013\jars\maven-plugin-api-3.9.9.jar
2025-07-22 20:48:13,139 [Worker-8: Launching Feastify] INFO  o.eclipse.m2e.core.internal.Bundles - 	Entry: D:\Cdac\Web-Development in Java\softwares-20250504T044922Z-1-001\softwares\sts-4.30.0.RELEASE\plugins\org.eclipse.m2e.maven.runtime_3.9.900.20250220-2013\jars\maven-repository-metadata-3.9.9.jar
2025-07-22 20:48:13,139 [Worker-8: Launching Feastify] INFO  o.eclipse.m2e.core.internal.Bundles - 	Entry: D:\Cdac\Web-Development in Java\softwares-20250504T044922Z-1-001\softwares\sts-4.30.0.RELEASE\plugins\org.eclipse.m2e.maven.runtime_3.9.900.20250220-2013\jars\maven-resolver-api-1.9.22.jar
2025-07-22 20:48:13,139 [Worker-8: Launching Feastify] INFO  o.eclipse.m2e.core.internal.Bundles - 	Entry: D:\Cdac\Web-Development in Java\softwares-20250504T044922Z-1-001\softwares\sts-4.30.0.RELEASE\plugins\org.eclipse.m2e.maven.runtime_3.9.900.20250220-2013\jars\maven-resolver-connector-basic-1.9.22.jar
2025-07-22 20:48:13,139 [Worker-8: Launching Feastify] INFO  o.eclipse.m2e.core.internal.Bundles - 	Entry: D:\Cdac\Web-Development in Java\softwares-20250504T044922Z-1-001\softwares\sts-4.30.0.RELEASE\plugins\org.eclipse.m2e.maven.runtime_3.9.900.20250220-2013\jars\maven-resolver-impl-1.9.22.jar
2025-07-22 20:48:13,139 [Worker-8: Launching Feastify] INFO  o.eclipse.m2e.core.internal.Bundles - 	Entry: D:\Cdac\Web-Development in Java\softwares-20250504T044922Z-1-001\softwares\sts-4.30.0.RELEASE\plugins\org.eclipse.m2e.maven.runtime_3.9.900.20250220-2013\jars\maven-resolver-named-locks-1.9.22.jar
2025-07-22 20:48:13,139 [Worker-8: Launching Feastify] INFO  o.eclipse.m2e.core.internal.Bundles - 	Entry: D:\Cdac\Web-Development in Java\softwares-20250504T044922Z-1-001\softwares\sts-4.30.0.RELEASE\plugins\org.eclipse.m2e.maven.runtime_3.9.900.20250220-2013\jars\maven-resolver-provider-3.9.9.jar
2025-07-22 20:48:13,139 [Worker-8: Launching Feastify] INFO  o.eclipse.m2e.core.internal.Bundles - 	Entry: D:\Cdac\Web-Development in Java\softwares-20250504T044922Z-1-001\softwares\sts-4.30.0.RELEASE\plugins\org.eclipse.m2e.maven.runtime_3.9.900.20250220-2013\jars\maven-resolver-spi-1.9.22.jar
2025-07-22 20:48:13,139 [Worker-8: Launching Feastify] INFO  o.eclipse.m2e.core.internal.Bundles - 	Entry: D:\Cdac\Web-Development in Java\softwares-20250504T044922Z-1-001\softwares\sts-4.30.0.RELEASE\plugins\org.eclipse.m2e.maven.runtime_3.9.900.20250220-2013\jars\maven-resolver-transport-file-1.9.22.jar
2025-07-22 20:48:13,139 [Worker-8: Launching Feastify] INFO  o.eclipse.m2e.core.internal.Bundles - 	Entry: D:\Cdac\Web-Development in Java\softwares-20250504T044922Z-1-001\softwares\sts-4.30.0.RELEASE\plugins\org.eclipse.m2e.maven.runtime_3.9.900.20250220-2013\jars\maven-resolver-transport-http-1.9.22.jar
2025-07-22 20:48:13,140 [Worker-8: Launching Feastify] INFO  o.eclipse.m2e.core.internal.Bundles - 	Entry: D:\Cdac\Web-Development in Java\softwares-20250504T044922Z-1-001\softwares\sts-4.30.0.RELEASE\plugins\org.eclipse.m2e.maven.runtime_3.9.900.20250220-2013\jars\maven-resolver-transport-wagon-1.9.22.jar
2025-07-22 20:48:13,140 [Worker-8: Launching Feastify] INFO  o.eclipse.m2e.core.internal.Bundles - 	Entry: D:\Cdac\Web-Development in Java\softwares-20250504T044922Z-1-001\softwares\sts-4.30.0.RELEASE\plugins\org.eclipse.m2e.maven.runtime_3.9.900.20250220-2013\jars\maven-resolver-util-1.9.22.jar
2025-07-22 20:48:13,140 [Worker-8: Launching Feastify] INFO  o.eclipse.m2e.core.internal.Bundles - 	Entry: D:\Cdac\Web-Development in Java\softwares-20250504T044922Z-1-001\softwares\sts-4.30.0.RELEASE\plugins\org.eclipse.m2e.maven.runtime_3.9.900.20250220-2013\jars\maven-settings-3.9.9.jar
2025-07-22 20:48:13,140 [Worker-8: Launching Feastify] INFO  o.eclipse.m2e.core.internal.Bundles - 	Entry: D:\Cdac\Web-Development in Java\softwares-20250504T044922Z-1-001\softwares\sts-4.30.0.RELEASE\plugins\org.eclipse.m2e.maven.runtime_3.9.900.20250220-2013\jars\maven-settings-builder-3.9.9.jar
2025-07-22 20:48:13,140 [Worker-8: Launching Feastify] INFO  o.eclipse.m2e.core.internal.Bundles - 	Entry: D:\Cdac\Web-Development in Java\softwares-20250504T044922Z-1-001\softwares\sts-4.30.0.RELEASE\plugins\org.eclipse.m2e.maven.runtime_3.9.900.20250220-2013\jars\maven-shared-utils-3.4.2.jar
2025-07-22 20:48:13,140 [Worker-8: Launching Feastify] INFO  o.eclipse.m2e.core.internal.Bundles - 	Entry: D:\Cdac\Web-Development in Java\softwares-20250504T044922Z-1-001\softwares\sts-4.30.0.RELEASE\plugins\org.eclipse.m2e.maven.runtime_3.9.900.20250220-2013\jars\org.eclipse.sisu.inject-0.9.0.M3.jar
2025-07-22 20:48:13,140 [Worker-8: Launching Feastify] INFO  o.eclipse.m2e.core.internal.Bundles - 	Entry: D:\Cdac\Web-Development in Java\softwares-20250504T044922Z-1-001\softwares\sts-4.30.0.RELEASE\plugins\org.eclipse.m2e.maven.runtime_3.9.900.20250220-2013\jars\org.eclipse.sisu.plexus-0.9.0.M3.jar
2025-07-22 20:48:13,140 [Worker-8: Launching Feastify] INFO  o.eclipse.m2e.core.internal.Bundles - 	Entry: D:\Cdac\Web-Development in Java\softwares-20250504T044922Z-1-001\softwares\sts-4.30.0.RELEASE\plugins\org.eclipse.m2e.maven.runtime_3.9.900.20250220-2013\jars\plexus-build-api-0.0.7.jar
2025-07-22 20:48:13,140 [Worker-8: Launching Feastify] INFO  o.eclipse.m2e.core.internal.Bundles - 	Entry: D:\Cdac\Web-Development in Java\softwares-20250504T044922Z-1-001\softwares\sts-4.30.0.RELEASE\plugins\org.eclipse.m2e.maven.runtime_3.9.900.20250220-2013\jars\plexus-build-api-1.2.0.jar
2025-07-22 20:48:13,140 [Worker-8: Launching Feastify] INFO  o.eclipse.m2e.core.internal.Bundles - 	Entry: D:\Cdac\Web-Development in Java\softwares-20250504T044922Z-1-001\softwares\sts-4.30.0.RELEASE\plugins\org.eclipse.m2e.maven.runtime_3.9.900.20250220-2013\jars\plexus-cipher-2.0.jar
2025-07-22 20:48:13,140 [Worker-8: Launching Feastify] INFO  o.eclipse.m2e.core.internal.Bundles - 	Entry: D:\Cdac\Web-Development in Java\softwares-20250504T044922Z-1-001\softwares\sts-4.30.0.RELEASE\plugins\org.eclipse.m2e.maven.runtime_3.9.900.20250220-2013\jars\plexus-classworlds-2.8.0.jar
2025-07-22 20:48:13,140 [Worker-8: Launching Feastify] INFO  o.eclipse.m2e.core.internal.Bundles - 	Entry: D:\Cdac\Web-Development in Java\softwares-20250504T044922Z-1-001\softwares\sts-4.30.0.RELEASE\plugins\org.eclipse.m2e.maven.runtime_3.9.900.20250220-2013\jars\plexus-component-annotations-2.1.0.jar
2025-07-22 20:48:13,140 [Worker-8: Launching Feastify] INFO  o.eclipse.m2e.core.internal.Bundles - 	Entry: D:\Cdac\Web-Development in Java\softwares-20250504T044922Z-1-001\softwares\sts-4.30.0.RELEASE\plugins\org.eclipse.m2e.maven.runtime_3.9.900.20250220-2013\jars\plexus-interpolation-1.27.jar
2025-07-22 20:48:13,140 [Worker-8: Launching Feastify] INFO  o.eclipse.m2e.core.internal.Bundles - 	Entry: D:\Cdac\Web-Development in Java\softwares-20250504T044922Z-1-001\softwares\sts-4.30.0.RELEASE\plugins\org.eclipse.m2e.maven.runtime_3.9.900.20250220-2013\jars\plexus-sec-dispatcher-2.0.jar
2025-07-22 20:48:13,140 [Worker-8: Launching Feastify] INFO  o.eclipse.m2e.core.internal.Bundles - 	Entry: D:\Cdac\Web-Development in Java\softwares-20250504T044922Z-1-001\softwares\sts-4.30.0.RELEASE\plugins\org.eclipse.m2e.maven.runtime_3.9.900.20250220-2013\jars\plexus-utils-3.5.1.jar
2025-07-22 20:48:13,140 [Worker-8: Launching Feastify] INFO  o.eclipse.m2e.core.internal.Bundles - 	Entry: D:\Cdac\Web-Development in Java\softwares-20250504T044922Z-1-001\softwares\sts-4.30.0.RELEASE\plugins\org.eclipse.m2e.maven.runtime_3.9.900.20250220-2013\jars\plexus-xml-3.0.1.jar
2025-07-22 20:48:13,140 [Worker-8: Launching Feastify] INFO  o.eclipse.m2e.core.internal.Bundles - 	Entry: D:\Cdac\Web-Development in Java\softwares-20250504T044922Z-1-001\softwares\sts-4.30.0.RELEASE\plugins\org.eclipse.m2e.maven.runtime_3.9.900.20250220-2013\jars\wagon-file-3.5.3.jar
2025-07-22 20:48:13,140 [Worker-8: Launching Feastify] INFO  o.eclipse.m2e.core.internal.Bundles - 	Entry: D:\Cdac\Web-Development in Java\softwares-20250504T044922Z-1-001\softwares\sts-4.30.0.RELEASE\plugins\org.eclipse.m2e.maven.runtime_3.9.900.20250220-2013\jars\wagon-http-3.5.3.jar
2025-07-22 20:48:13,140 [Worker-8: Launching Feastify] INFO  o.eclipse.m2e.core.internal.Bundles - 	Entry: D:\Cdac\Web-Development in Java\softwares-20250504T044922Z-1-001\softwares\sts-4.30.0.RELEASE\plugins\org.eclipse.m2e.maven.runtime_3.9.900.20250220-2013\jars\wagon-http-shared-3.5.3.jar
2025-07-22 20:48:13,140 [Worker-8: Launching Feastify] INFO  o.eclipse.m2e.core.internal.Bundles - 	Entry: D:\Cdac\Web-Development in Java\softwares-20250504T044922Z-1-001\softwares\sts-4.30.0.RELEASE\plugins\org.eclipse.m2e.maven.runtime_3.9.900.20250220-2013\jars\wagon-provider-api-3.5.3.jar
2025-07-22 20:48:13,141 [Worker-8: Launching Feastify] INFO  o.eclipse.m2e.core.internal.Bundles - getClasspathEntries(Bundle=com.google.guava_33.4.0.jre [29])
2025-07-22 20:48:13,141 [Worker-8: Launching Feastify] INFO  o.eclipse.m2e.core.internal.Bundles - 	Entry: D:\Cdac\Web-Development in Java\softwares-20250504T044922Z-1-001\softwares\sts-4.30.0.RELEASE\plugins\com.google.guava_33.4.0.jre.jar
2025-07-22 20:48:13,141 [Worker-8: Launching Feastify] INFO  o.eclipse.m2e.core.internal.Bundles - getClasspathEntries(Bundle=slf4j.api_2.0.17 [608])
2025-07-22 20:48:13,141 [Worker-8: Launching Feastify] INFO  o.eclipse.m2e.core.internal.Bundles - 	Entry: D:\Cdac\Web-Development in Java\softwares-20250504T044922Z-1-001\softwares\sts-4.30.0.RELEASE\plugins\slf4j.api_2.0.17.jar
2025-07-22 20:48:13,141 [Worker-8: Launching Feastify] INFO  o.eclipse.m2e.core.internal.Bundles - getClasspathEntries(Bundle=javax.inject_1.0.0.v20220405-0441 [759])
2025-07-22 20:48:13,142 [Worker-8: Launching Feastify] INFO  o.eclipse.m2e.core.internal.Bundles - 	Entry: D:\Cdac\Web-Development in Java\softwares-20250504T044922Z-1-001\softwares\sts-4.30.0.RELEASE\plugins\javax.inject_1.0.0.v20220405-0441.jar
2025-07-22 20:48:13,142 [Worker-8: Launching Feastify] INFO  o.eclipse.m2e.core.internal.Bundles - getClasspathEntries(Bundle=javax.annotation_1.3.5.v20230504-0748 [758])
2025-07-22 20:48:13,142 [Worker-8: Launching Feastify] INFO  o.eclipse.m2e.core.internal.Bundles - 	Entry: D:\Cdac\Web-Development in Java\softwares-20250504T044922Z-1-001\softwares\sts-4.30.0.RELEASE\plugins\javax.annotation_1.3.5.v20230504-0748.jar
2025-07-22 20:48:13,142 [Worker-8: Launching Feastify] INFO  o.eclipse.m2e.core.internal.Bundles - getClasspathEntries(Bundle=org.apache.commons.cli_1.9.0 [77])
2025-07-22 20:48:13,142 [Worker-8: Launching Feastify] INFO  o.eclipse.m2e.core.internal.Bundles - 	Entry: D:\Cdac\Web-Development in Java\softwares-20250504T044922Z-1-001\softwares\sts-4.30.0.RELEASE\plugins\org.apache.commons.cli_1.9.0.jar
2025-07-22 20:48:13,142 [Worker-8: Launching Feastify] INFO  o.eclipse.m2e.core.internal.Bundles - getClasspathEntries(Bundle=org.apache.commons.commons-codec_1.16.0 [79])
2025-07-22 20:48:13,143 [Worker-8: Launching Feastify] INFO  o.eclipse.m2e.core.internal.Bundles - 	Entry: D:\Cdac\Web-Development in Java\softwares-20250504T044922Z-1-001\softwares\sts-4.30.0.RELEASE\plugins\org.apache.commons.commons-codec_1.16.0.jar
2025-07-22 20:48:13,143 [Worker-8: Launching Feastify] INFO  o.eclipse.m2e.core.internal.Bundles - getClasspathEntries(Bundle=com.google.guava.failureaccess_1.0.2 [30])
2025-07-22 20:48:13,143 [Worker-8: Launching Feastify] INFO  o.eclipse.m2e.core.internal.Bundles - 	Entry: D:\Cdac\Web-Development in Java\softwares-20250504T044922Z-1-001\softwares\sts-4.30.0.RELEASE\plugins\com.google.guava.failureaccess_1.0.2.jar
2025-07-22 20:48:13,144 [Worker-8: Launching Feastify] INFO  o.e.m.i.launch.MavenLaunchDelegate - Run build in "D:\Project CDAC\Feastify - Online Food Ordering Project\Feastify":
2025-07-22 20:48:13,144 [Worker-8: Launching Feastify] INFO  o.e.m.i.launch.MavenLaunchDelegate -  mvn  -Ppom.xml -B -Dstyle.color=always 
2025-07-22 20:48:14,103 [Worker-18: Building] INFO  o.a.m.s.f.DefaultMavenResourcesFiltering - Copying 1 resource from src\main\resources to target\classes
2025-07-22 20:48:14,128 [Worker-18: Building] INFO  o.a.m.s.f.DefaultMavenResourcesFiltering - Copying 0 resource from src\main\resources to target\classes
2025-07-22 20:48:14,133 [Worker-18: Building] INFO  o.a.m.s.f.DefaultMavenResourcesFiltering - skip non existing resourceDirectory D:\Project CDAC\Feastify - Online Food Ordering Project\Feastify\src\test\resources
2025-07-22 20:48:19,141 [Worker-21: Launching Feastify] INFO  o.eclipse.m2e.core.internal.Bundles - getClasspathEntries(Bundle=org.eclipse.m2e.maven.runtime_3.9.900.20250220-2013 [361])
2025-07-22 20:48:19,142 [Worker-21: Launching Feastify] INFO  o.eclipse.m2e.core.internal.Bundles - 	Entry: D:\Cdac\Web-Development in Java\softwares-20250504T044922Z-1-001\softwares\sts-4.30.0.RELEASE\plugins\org.eclipse.m2e.maven.runtime_3.9.900.20250220-2013
2025-07-22 20:48:19,142 [Worker-21: Launching Feastify] INFO  o.eclipse.m2e.core.internal.Bundles - 	Entry: D:\Cdac\Web-Development in Java\softwares-20250504T044922Z-1-001\softwares\sts-4.30.0.RELEASE\plugins\org.eclipse.m2e.maven.runtime_3.9.900.20250220-2013\jars\aopalliance-1.0.jar
2025-07-22 20:48:19,142 [Worker-21: Launching Feastify] INFO  o.eclipse.m2e.core.internal.Bundles - 	Entry: D:\Cdac\Web-Development in Java\softwares-20250504T044922Z-1-001\softwares\sts-4.30.0.RELEASE\plugins\org.eclipse.m2e.maven.runtime_3.9.900.20250220-2013\jars\guice-5.1.0.jar
2025-07-22 20:48:19,142 [Worker-21: Launching Feastify] INFO  o.eclipse.m2e.core.internal.Bundles - 	Entry: D:\Cdac\Web-Development in Java\softwares-20250504T044922Z-1-001\softwares\sts-4.30.0.RELEASE\plugins\org.eclipse.m2e.maven.runtime_3.9.900.20250220-2013\jars\httpclient-4.5.14.jar
2025-07-22 20:48:19,142 [Worker-21: Launching Feastify] INFO  o.eclipse.m2e.core.internal.Bundles - 	Entry: D:\Cdac\Web-Development in Java\softwares-20250504T044922Z-1-001\softwares\sts-4.30.0.RELEASE\plugins\org.eclipse.m2e.maven.runtime_3.9.900.20250220-2013\jars\httpcore-4.4.16.jar
2025-07-22 20:48:19,142 [Worker-21: Launching Feastify] INFO  o.eclipse.m2e.core.internal.Bundles - 	Entry: D:\Cdac\Web-Development in Java\softwares-20250504T044922Z-1-001\softwares\sts-4.30.0.RELEASE\plugins\org.eclipse.m2e.maven.runtime_3.9.900.20250220-2013\jars\jansi-2.4.1.jar
2025-07-22 20:48:19,142 [Worker-21: Launching Feastify] INFO  o.eclipse.m2e.core.internal.Bundles - 	Entry: D:\Cdac\Web-Development in Java\softwares-20250504T044922Z-1-001\softwares\sts-4.30.0.RELEASE\plugins\org.eclipse.m2e.maven.runtime_3.9.900.20250220-2013\jars\jcl-over-slf4j-1.7.36.jar
2025-07-22 20:48:19,142 [Worker-21: Launching Feastify] INFO  o.eclipse.m2e.core.internal.Bundles - 	Entry: D:\Cdac\Web-Development in Java\softwares-20250504T044922Z-1-001\softwares\sts-4.30.0.RELEASE\plugins\org.eclipse.m2e.maven.runtime_3.9.900.20250220-2013\jars\maven-artifact-3.9.9.jar
2025-07-22 20:48:19,142 [Worker-21: Launching Feastify] INFO  o.eclipse.m2e.core.internal.Bundles - 	Entry: D:\Cdac\Web-Development in Java\softwares-20250504T044922Z-1-001\softwares\sts-4.30.0.RELEASE\plugins\org.eclipse.m2e.maven.runtime_3.9.900.20250220-2013\jars\maven-builder-support-3.9.9.jar
2025-07-22 20:48:19,142 [Worker-21: Launching Feastify] INFO  o.eclipse.m2e.core.internal.Bundles - 	Entry: D:\Cdac\Web-Development in Java\softwares-20250504T044922Z-1-001\softwares\sts-4.30.0.RELEASE\plugins\org.eclipse.m2e.maven.runtime_3.9.900.20250220-2013\jars\maven-compat-3.9.9.jar
2025-07-22 20:48:19,143 [Worker-21: Launching Feastify] INFO  o.eclipse.m2e.core.internal.Bundles - 	Entry: D:\Cdac\Web-Development in Java\softwares-20250504T044922Z-1-001\softwares\sts-4.30.0.RELEASE\plugins\org.eclipse.m2e.maven.runtime_3.9.900.20250220-2013\jars\maven-core-3.9.9.jar
2025-07-22 20:48:19,143 [Worker-21: Launching Feastify] INFO  o.eclipse.m2e.core.internal.Bundles - 	Entry: D:\Cdac\Web-Development in Java\softwares-20250504T044922Z-1-001\softwares\sts-4.30.0.RELEASE\plugins\org.eclipse.m2e.maven.runtime_3.9.900.20250220-2013\jars\maven-embedder-3.9.9.jar
2025-07-22 20:48:19,143 [Worker-21: Launching Feastify] INFO  o.eclipse.m2e.core.internal.Bundles - 	Entry: D:\Cdac\Web-Development in Java\softwares-20250504T044922Z-1-001\softwares\sts-4.30.0.RELEASE\plugins\org.eclipse.m2e.maven.runtime_3.9.900.20250220-2013\jars\maven-model-3.9.9.jar
2025-07-22 20:48:19,143 [Worker-21: Launching Feastify] INFO  o.eclipse.m2e.core.internal.Bundles - 	Entry: D:\Cdac\Web-Development in Java\softwares-20250504T044922Z-1-001\softwares\sts-4.30.0.RELEASE\plugins\org.eclipse.m2e.maven.runtime_3.9.900.20250220-2013\jars\maven-model-builder-3.9.9.jar
2025-07-22 20:48:19,143 [Worker-21: Launching Feastify] INFO  o.eclipse.m2e.core.internal.Bundles - 	Entry: D:\Cdac\Web-Development in Java\softwares-20250504T044922Z-1-001\softwares\sts-4.30.0.RELEASE\plugins\org.eclipse.m2e.maven.runtime_3.9.900.20250220-2013\jars\maven-plugin-api-3.9.9.jar
2025-07-22 20:48:19,143 [Worker-21: Launching Feastify] INFO  o.eclipse.m2e.core.internal.Bundles - 	Entry: D:\Cdac\Web-Development in Java\softwares-20250504T044922Z-1-001\softwares\sts-4.30.0.RELEASE\plugins\org.eclipse.m2e.maven.runtime_3.9.900.20250220-2013\jars\maven-repository-metadata-3.9.9.jar
2025-07-22 20:48:19,143 [Worker-21: Launching Feastify] INFO  o.eclipse.m2e.core.internal.Bundles - 	Entry: D:\Cdac\Web-Development in Java\softwares-20250504T044922Z-1-001\softwares\sts-4.30.0.RELEASE\plugins\org.eclipse.m2e.maven.runtime_3.9.900.20250220-2013\jars\maven-resolver-api-1.9.22.jar
2025-07-22 20:48:19,143 [Worker-21: Launching Feastify] INFO  o.eclipse.m2e.core.internal.Bundles - 	Entry: D:\Cdac\Web-Development in Java\softwares-20250504T044922Z-1-001\softwares\sts-4.30.0.RELEASE\plugins\org.eclipse.m2e.maven.runtime_3.9.900.20250220-2013\jars\maven-resolver-connector-basic-1.9.22.jar
2025-07-22 20:48:19,143 [Worker-21: Launching Feastify] INFO  o.eclipse.m2e.core.internal.Bundles - 	Entry: D:\Cdac\Web-Development in Java\softwares-20250504T044922Z-1-001\softwares\sts-4.30.0.RELEASE\plugins\org.eclipse.m2e.maven.runtime_3.9.900.20250220-2013\jars\maven-resolver-impl-1.9.22.jar
2025-07-22 20:48:19,143 [Worker-21: Launching Feastify] INFO  o.eclipse.m2e.core.internal.Bundles - 	Entry: D:\Cdac\Web-Development in Java\softwares-20250504T044922Z-1-001\softwares\sts-4.30.0.RELEASE\plugins\org.eclipse.m2e.maven.runtime_3.9.900.20250220-2013\jars\maven-resolver-named-locks-1.9.22.jar
2025-07-22 20:48:19,143 [Worker-21: Launching Feastify] INFO  o.eclipse.m2e.core.internal.Bundles - 	Entry: D:\Cdac\Web-Development in Java\softwares-20250504T044922Z-1-001\softwares\sts-4.30.0.RELEASE\plugins\org.eclipse.m2e.maven.runtime_3.9.900.20250220-2013\jars\maven-resolver-provider-3.9.9.jar
2025-07-22 20:48:19,143 [Worker-21: Launching Feastify] INFO  o.eclipse.m2e.core.internal.Bundles - 	Entry: D:\Cdac\Web-Development in Java\softwares-20250504T044922Z-1-001\softwares\sts-4.30.0.RELEASE\plugins\org.eclipse.m2e.maven.runtime_3.9.900.20250220-2013\jars\maven-resolver-spi-1.9.22.jar
2025-07-22 20:48:19,143 [Worker-21: Launching Feastify] INFO  o.eclipse.m2e.core.internal.Bundles - 	Entry: D:\Cdac\Web-Development in Java\softwares-20250504T044922Z-1-001\softwares\sts-4.30.0.RELEASE\plugins\org.eclipse.m2e.maven.runtime_3.9.900.20250220-2013\jars\maven-resolver-transport-file-1.9.22.jar
2025-07-22 20:48:19,143 [Worker-21: Launching Feastify] INFO  o.eclipse.m2e.core.internal.Bundles - 	Entry: D:\Cdac\Web-Development in Java\softwares-20250504T044922Z-1-001\softwares\sts-4.30.0.RELEASE\plugins\org.eclipse.m2e.maven.runtime_3.9.900.20250220-2013\jars\maven-resolver-transport-http-1.9.22.jar
2025-07-22 20:48:19,143 [Worker-21: Launching Feastify] INFO  o.eclipse.m2e.core.internal.Bundles - 	Entry: D:\Cdac\Web-Development in Java\softwares-20250504T044922Z-1-001\softwares\sts-4.30.0.RELEASE\plugins\org.eclipse.m2e.maven.runtime_3.9.900.20250220-2013\jars\maven-resolver-transport-wagon-1.9.22.jar
2025-07-22 20:48:19,143 [Worker-21: Launching Feastify] INFO  o.eclipse.m2e.core.internal.Bundles - 	Entry: D:\Cdac\Web-Development in Java\softwares-20250504T044922Z-1-001\softwares\sts-4.30.0.RELEASE\plugins\org.eclipse.m2e.maven.runtime_3.9.900.20250220-2013\jars\maven-resolver-util-1.9.22.jar
2025-07-22 20:48:19,143 [Worker-21: Launching Feastify] INFO  o.eclipse.m2e.core.internal.Bundles - 	Entry: D:\Cdac\Web-Development in Java\softwares-20250504T044922Z-1-001\softwares\sts-4.30.0.RELEASE\plugins\org.eclipse.m2e.maven.runtime_3.9.900.20250220-2013\jars\maven-settings-3.9.9.jar
2025-07-22 20:48:19,143 [Worker-21: Launching Feastify] INFO  o.eclipse.m2e.core.internal.Bundles - 	Entry: D:\Cdac\Web-Development in Java\softwares-20250504T044922Z-1-001\softwares\sts-4.30.0.RELEASE\plugins\org.eclipse.m2e.maven.runtime_3.9.900.20250220-2013\jars\maven-settings-builder-3.9.9.jar
2025-07-22 20:48:19,143 [Worker-21: Launching Feastify] INFO  o.eclipse.m2e.core.internal.Bundles - 	Entry: D:\Cdac\Web-Development in Java\softwares-20250504T044922Z-1-001\softwares\sts-4.30.0.RELEASE\plugins\org.eclipse.m2e.maven.runtime_3.9.900.20250220-2013\jars\maven-shared-utils-3.4.2.jar
2025-07-22 20:48:19,143 [Worker-21: Launching Feastify] INFO  o.eclipse.m2e.core.internal.Bundles - 	Entry: D:\Cdac\Web-Development in Java\softwares-20250504T044922Z-1-001\softwares\sts-4.30.0.RELEASE\plugins\org.eclipse.m2e.maven.runtime_3.9.900.20250220-2013\jars\org.eclipse.sisu.inject-0.9.0.M3.jar
2025-07-22 20:48:19,143 [Worker-21: Launching Feastify] INFO  o.eclipse.m2e.core.internal.Bundles - 	Entry: D:\Cdac\Web-Development in Java\softwares-20250504T044922Z-1-001\softwares\sts-4.30.0.RELEASE\plugins\org.eclipse.m2e.maven.runtime_3.9.900.20250220-2013\jars\org.eclipse.sisu.plexus-0.9.0.M3.jar
2025-07-22 20:48:19,143 [Worker-21: Launching Feastify] INFO  o.eclipse.m2e.core.internal.Bundles - 	Entry: D:\Cdac\Web-Development in Java\softwares-20250504T044922Z-1-001\softwares\sts-4.30.0.RELEASE\plugins\org.eclipse.m2e.maven.runtime_3.9.900.20250220-2013\jars\plexus-build-api-0.0.7.jar
2025-07-22 20:48:19,144 [Worker-21: Launching Feastify] INFO  o.eclipse.m2e.core.internal.Bundles - 	Entry: D:\Cdac\Web-Development in Java\softwares-20250504T044922Z-1-001\softwares\sts-4.30.0.RELEASE\plugins\org.eclipse.m2e.maven.runtime_3.9.900.20250220-2013\jars\plexus-build-api-1.2.0.jar
2025-07-22 20:48:19,144 [Worker-21: Launching Feastify] INFO  o.eclipse.m2e.core.internal.Bundles - 	Entry: D:\Cdac\Web-Development in Java\softwares-20250504T044922Z-1-001\softwares\sts-4.30.0.RELEASE\plugins\org.eclipse.m2e.maven.runtime_3.9.900.20250220-2013\jars\plexus-cipher-2.0.jar
2025-07-22 20:48:19,144 [Worker-21: Launching Feastify] INFO  o.eclipse.m2e.core.internal.Bundles - 	Entry: D:\Cdac\Web-Development in Java\softwares-20250504T044922Z-1-001\softwares\sts-4.30.0.RELEASE\plugins\org.eclipse.m2e.maven.runtime_3.9.900.20250220-2013\jars\plexus-classworlds-2.8.0.jar
2025-07-22 20:48:19,144 [Worker-21: Launching Feastify] INFO  o.eclipse.m2e.core.internal.Bundles - 	Entry: D:\Cdac\Web-Development in Java\softwares-20250504T044922Z-1-001\softwares\sts-4.30.0.RELEASE\plugins\org.eclipse.m2e.maven.runtime_3.9.900.20250220-2013\jars\plexus-component-annotations-2.1.0.jar
2025-07-22 20:48:19,144 [Worker-21: Launching Feastify] INFO  o.eclipse.m2e.core.internal.Bundles - 	Entry: D:\Cdac\Web-Development in Java\softwares-20250504T044922Z-1-001\softwares\sts-4.30.0.RELEASE\plugins\org.eclipse.m2e.maven.runtime_3.9.900.20250220-2013\jars\plexus-interpolation-1.27.jar
2025-07-22 20:48:19,144 [Worker-21: Launching Feastify] INFO  o.eclipse.m2e.core.internal.Bundles - 	Entry: D:\Cdac\Web-Development in Java\softwares-20250504T044922Z-1-001\softwares\sts-4.30.0.RELEASE\plugins\org.eclipse.m2e.maven.runtime_3.9.900.20250220-2013\jars\plexus-sec-dispatcher-2.0.jar
2025-07-22 20:48:19,144 [Worker-21: Launching Feastify] INFO  o.eclipse.m2e.core.internal.Bundles - 	Entry: D:\Cdac\Web-Development in Java\softwares-20250504T044922Z-1-001\softwares\sts-4.30.0.RELEASE\plugins\org.eclipse.m2e.maven.runtime_3.9.900.20250220-2013\jars\plexus-utils-3.5.1.jar
2025-07-22 20:48:19,144 [Worker-21: Launching Feastify] INFO  o.eclipse.m2e.core.internal.Bundles - 	Entry: D:\Cdac\Web-Development in Java\softwares-20250504T044922Z-1-001\softwares\sts-4.30.0.RELEASE\plugins\org.eclipse.m2e.maven.runtime_3.9.900.20250220-2013\jars\plexus-xml-3.0.1.jar
2025-07-22 20:48:19,144 [Worker-21: Launching Feastify] INFO  o.eclipse.m2e.core.internal.Bundles - 	Entry: D:\Cdac\Web-Development in Java\softwares-20250504T044922Z-1-001\softwares\sts-4.30.0.RELEASE\plugins\org.eclipse.m2e.maven.runtime_3.9.900.20250220-2013\jars\wagon-file-3.5.3.jar
2025-07-22 20:48:19,144 [Worker-21: Launching Feastify] INFO  o.eclipse.m2e.core.internal.Bundles - 	Entry: D:\Cdac\Web-Development in Java\softwares-20250504T044922Z-1-001\softwares\sts-4.30.0.RELEASE\plugins\org.eclipse.m2e.maven.runtime_3.9.900.20250220-2013\jars\wagon-http-3.5.3.jar
2025-07-22 20:48:19,144 [Worker-21: Launching Feastify] INFO  o.eclipse.m2e.core.internal.Bundles - 	Entry: D:\Cdac\Web-Development in Java\softwares-20250504T044922Z-1-001\softwares\sts-4.30.0.RELEASE\plugins\org.eclipse.m2e.maven.runtime_3.9.900.20250220-2013\jars\wagon-http-shared-3.5.3.jar
2025-07-22 20:48:19,144 [Worker-21: Launching Feastify] INFO  o.eclipse.m2e.core.internal.Bundles - 	Entry: D:\Cdac\Web-Development in Java\softwares-20250504T044922Z-1-001\softwares\sts-4.30.0.RELEASE\plugins\org.eclipse.m2e.maven.runtime_3.9.900.20250220-2013\jars\wagon-provider-api-3.5.3.jar
2025-07-22 20:48:19,144 [Worker-21: Launching Feastify] INFO  o.eclipse.m2e.core.internal.Bundles - getClasspathEntries(Bundle=com.google.guava_33.4.0.jre [29])
2025-07-22 20:48:19,145 [Worker-21: Launching Feastify] INFO  o.eclipse.m2e.core.internal.Bundles - 	Entry: D:\Cdac\Web-Development in Java\softwares-20250504T044922Z-1-001\softwares\sts-4.30.0.RELEASE\plugins\com.google.guava_33.4.0.jre.jar
2025-07-22 20:48:19,145 [Worker-21: Launching Feastify] INFO  o.eclipse.m2e.core.internal.Bundles - getClasspathEntries(Bundle=slf4j.api_2.0.17 [608])
2025-07-22 20:48:19,145 [Worker-21: Launching Feastify] INFO  o.eclipse.m2e.core.internal.Bundles - 	Entry: D:\Cdac\Web-Development in Java\softwares-20250504T044922Z-1-001\softwares\sts-4.30.0.RELEASE\plugins\slf4j.api_2.0.17.jar
2025-07-22 20:48:19,145 [Worker-21: Launching Feastify] INFO  o.eclipse.m2e.core.internal.Bundles - getClasspathEntries(Bundle=javax.inject_1.0.0.v20220405-0441 [759])
2025-07-22 20:48:19,145 [Worker-21: Launching Feastify] INFO  o.eclipse.m2e.core.internal.Bundles - 	Entry: D:\Cdac\Web-Development in Java\softwares-20250504T044922Z-1-001\softwares\sts-4.30.0.RELEASE\plugins\javax.inject_1.0.0.v20220405-0441.jar
2025-07-22 20:48:19,145 [Worker-21: Launching Feastify] INFO  o.eclipse.m2e.core.internal.Bundles - getClasspathEntries(Bundle=javax.annotation_1.3.5.v20230504-0748 [758])
2025-07-22 20:48:19,145 [Worker-21: Launching Feastify] INFO  o.eclipse.m2e.core.internal.Bundles - 	Entry: D:\Cdac\Web-Development in Java\softwares-20250504T044922Z-1-001\softwares\sts-4.30.0.RELEASE\plugins\javax.annotation_1.3.5.v20230504-0748.jar
2025-07-22 20:48:19,146 [Worker-21: Launching Feastify] INFO  o.eclipse.m2e.core.internal.Bundles - getClasspathEntries(Bundle=org.apache.commons.cli_1.9.0 [77])
2025-07-22 20:48:19,146 [Worker-21: Launching Feastify] INFO  o.eclipse.m2e.core.internal.Bundles - 	Entry: D:\Cdac\Web-Development in Java\softwares-20250504T044922Z-1-001\softwares\sts-4.30.0.RELEASE\plugins\org.apache.commons.cli_1.9.0.jar
2025-07-22 20:48:19,146 [Worker-21: Launching Feastify] INFO  o.eclipse.m2e.core.internal.Bundles - getClasspathEntries(Bundle=org.apache.commons.commons-codec_1.16.0 [79])
2025-07-22 20:48:19,146 [Worker-21: Launching Feastify] INFO  o.eclipse.m2e.core.internal.Bundles - 	Entry: D:\Cdac\Web-Development in Java\softwares-20250504T044922Z-1-001\softwares\sts-4.30.0.RELEASE\plugins\org.apache.commons.commons-codec_1.16.0.jar
2025-07-22 20:48:19,146 [Worker-21: Launching Feastify] INFO  o.eclipse.m2e.core.internal.Bundles - getClasspathEntries(Bundle=com.google.guava.failureaccess_1.0.2 [30])
2025-07-22 20:48:19,146 [Worker-21: Launching Feastify] INFO  o.eclipse.m2e.core.internal.Bundles - 	Entry: D:\Cdac\Web-Development in Java\softwares-20250504T044922Z-1-001\softwares\sts-4.30.0.RELEASE\plugins\com.google.guava.failureaccess_1.0.2.jar
2025-07-22 20:48:19,148 [Worker-21: Launching Feastify] INFO  o.e.m.i.launch.MavenLaunchDelegate - Run build in "D:\Project CDAC\Feastify - Online Food Ordering Project\Feastify":
2025-07-22 20:48:19,148 [Worker-21: Launching Feastify] INFO  o.e.m.i.launch.MavenLaunchDelegate -  mvn  -Ppom.xml -B -Dstyle.color=always 
2025-07-22 20:48:44,455 [Worker-8: Launching Feastify] INFO  o.eclipse.m2e.core.internal.Bundles - getClasspathEntries(Bundle=org.eclipse.m2e.maven.runtime_3.9.900.20250220-2013 [361])
2025-07-22 20:48:44,455 [Worker-8: Launching Feastify] INFO  o.eclipse.m2e.core.internal.Bundles - 	Entry: D:\Cdac\Web-Development in Java\softwares-20250504T044922Z-1-001\softwares\sts-4.30.0.RELEASE\plugins\org.eclipse.m2e.maven.runtime_3.9.900.20250220-2013
2025-07-22 20:48:44,456 [Worker-8: Launching Feastify] INFO  o.eclipse.m2e.core.internal.Bundles - 	Entry: D:\Cdac\Web-Development in Java\softwares-20250504T044922Z-1-001\softwares\sts-4.30.0.RELEASE\plugins\org.eclipse.m2e.maven.runtime_3.9.900.20250220-2013\jars\aopalliance-1.0.jar
2025-07-22 20:48:44,456 [Worker-8: Launching Feastify] INFO  o.eclipse.m2e.core.internal.Bundles - 	Entry: D:\Cdac\Web-Development in Java\softwares-20250504T044922Z-1-001\softwares\sts-4.30.0.RELEASE\plugins\org.eclipse.m2e.maven.runtime_3.9.900.20250220-2013\jars\guice-5.1.0.jar
2025-07-22 20:48:44,456 [Worker-8: Launching Feastify] INFO  o.eclipse.m2e.core.internal.Bundles - 	Entry: D:\Cdac\Web-Development in Java\softwares-20250504T044922Z-1-001\softwares\sts-4.30.0.RELEASE\plugins\org.eclipse.m2e.maven.runtime_3.9.900.20250220-2013\jars\httpclient-4.5.14.jar
2025-07-22 20:48:44,456 [Worker-8: Launching Feastify] INFO  o.eclipse.m2e.core.internal.Bundles - 	Entry: D:\Cdac\Web-Development in Java\softwares-20250504T044922Z-1-001\softwares\sts-4.30.0.RELEASE\plugins\org.eclipse.m2e.maven.runtime_3.9.900.20250220-2013\jars\httpcore-4.4.16.jar
2025-07-22 20:48:44,456 [Worker-8: Launching Feastify] INFO  o.eclipse.m2e.core.internal.Bundles - 	Entry: D:\Cdac\Web-Development in Java\softwares-20250504T044922Z-1-001\softwares\sts-4.30.0.RELEASE\plugins\org.eclipse.m2e.maven.runtime_3.9.900.20250220-2013\jars\jansi-2.4.1.jar
2025-07-22 20:48:44,456 [Worker-8: Launching Feastify] INFO  o.eclipse.m2e.core.internal.Bundles - 	Entry: D:\Cdac\Web-Development in Java\softwares-20250504T044922Z-1-001\softwares\sts-4.30.0.RELEASE\plugins\org.eclipse.m2e.maven.runtime_3.9.900.20250220-2013\jars\jcl-over-slf4j-1.7.36.jar
2025-07-22 20:48:44,457 [Worker-8: Launching Feastify] INFO  o.eclipse.m2e.core.internal.Bundles - 	Entry: D:\Cdac\Web-Development in Java\softwares-20250504T044922Z-1-001\softwares\sts-4.30.0.RELEASE\plugins\org.eclipse.m2e.maven.runtime_3.9.900.20250220-2013\jars\maven-artifact-3.9.9.jar
2025-07-22 20:48:44,457 [Worker-8: Launching Feastify] INFO  o.eclipse.m2e.core.internal.Bundles - 	Entry: D:\Cdac\Web-Development in Java\softwares-20250504T044922Z-1-001\softwares\sts-4.30.0.RELEASE\plugins\org.eclipse.m2e.maven.runtime_3.9.900.20250220-2013\jars\maven-builder-support-3.9.9.jar
2025-07-22 20:48:44,457 [Worker-8: Launching Feastify] INFO  o.eclipse.m2e.core.internal.Bundles - 	Entry: D:\Cdac\Web-Development in Java\softwares-20250504T044922Z-1-001\softwares\sts-4.30.0.RELEASE\plugins\org.eclipse.m2e.maven.runtime_3.9.900.20250220-2013\jars\maven-compat-3.9.9.jar
2025-07-22 20:48:44,457 [Worker-8: Launching Feastify] INFO  o.eclipse.m2e.core.internal.Bundles - 	Entry: D:\Cdac\Web-Development in Java\softwares-20250504T044922Z-1-001\softwares\sts-4.30.0.RELEASE\plugins\org.eclipse.m2e.maven.runtime_3.9.900.20250220-2013\jars\maven-core-3.9.9.jar
2025-07-22 20:48:44,457 [Worker-8: Launching Feastify] INFO  o.eclipse.m2e.core.internal.Bundles - 	Entry: D:\Cdac\Web-Development in Java\softwares-20250504T044922Z-1-001\softwares\sts-4.30.0.RELEASE\plugins\org.eclipse.m2e.maven.runtime_3.9.900.20250220-2013\jars\maven-embedder-3.9.9.jar
2025-07-22 20:48:44,457 [Worker-8: Launching Feastify] INFO  o.eclipse.m2e.core.internal.Bundles - 	Entry: D:\Cdac\Web-Development in Java\softwares-20250504T044922Z-1-001\softwares\sts-4.30.0.RELEASE\plugins\org.eclipse.m2e.maven.runtime_3.9.900.20250220-2013\jars\maven-model-3.9.9.jar
2025-07-22 20:48:44,457 [Worker-8: Launching Feastify] INFO  o.eclipse.m2e.core.internal.Bundles - 	Entry: D:\Cdac\Web-Development in Java\softwares-20250504T044922Z-1-001\softwares\sts-4.30.0.RELEASE\plugins\org.eclipse.m2e.maven.runtime_3.9.900.20250220-2013\jars\maven-model-builder-3.9.9.jar
2025-07-22 20:48:44,457 [Worker-8: Launching Feastify] INFO  o.eclipse.m2e.core.internal.Bundles - 	Entry: D:\Cdac\Web-Development in Java\softwares-20250504T044922Z-1-001\softwares\sts-4.30.0.RELEASE\plugins\org.eclipse.m2e.maven.runtime_3.9.900.20250220-2013\jars\maven-plugin-api-3.9.9.jar
2025-07-22 20:48:44,457 [Worker-8: Launching Feastify] INFO  o.eclipse.m2e.core.internal.Bundles - 	Entry: D:\Cdac\Web-Development in Java\softwares-20250504T044922Z-1-001\softwares\sts-4.30.0.RELEASE\plugins\org.eclipse.m2e.maven.runtime_3.9.900.20250220-2013\jars\maven-repository-metadata-3.9.9.jar
2025-07-22 20:48:44,457 [Worker-8: Launching Feastify] INFO  o.eclipse.m2e.core.internal.Bundles - 	Entry: D:\Cdac\Web-Development in Java\softwares-20250504T044922Z-1-001\softwares\sts-4.30.0.RELEASE\plugins\org.eclipse.m2e.maven.runtime_3.9.900.20250220-2013\jars\maven-resolver-api-1.9.22.jar
2025-07-22 20:48:44,457 [Worker-8: Launching Feastify] INFO  o.eclipse.m2e.core.internal.Bundles - 	Entry: D:\Cdac\Web-Development in Java\softwares-20250504T044922Z-1-001\softwares\sts-4.30.0.RELEASE\plugins\org.eclipse.m2e.maven.runtime_3.9.900.20250220-2013\jars\maven-resolver-connector-basic-1.9.22.jar
2025-07-22 20:48:44,457 [Worker-8: Launching Feastify] INFO  o.eclipse.m2e.core.internal.Bundles - 	Entry: D:\Cdac\Web-Development in Java\softwares-20250504T044922Z-1-001\softwares\sts-4.30.0.RELEASE\plugins\org.eclipse.m2e.maven.runtime_3.9.900.20250220-2013\jars\maven-resolver-impl-1.9.22.jar
2025-07-22 20:48:44,457 [Worker-8: Launching Feastify] INFO  o.eclipse.m2e.core.internal.Bundles - 	Entry: D:\Cdac\Web-Development in Java\softwares-20250504T044922Z-1-001\softwares\sts-4.30.0.RELEASE\plugins\org.eclipse.m2e.maven.runtime_3.9.900.20250220-2013\jars\maven-resolver-named-locks-1.9.22.jar
2025-07-22 20:48:44,457 [Worker-8: Launching Feastify] INFO  o.eclipse.m2e.core.internal.Bundles - 	Entry: D:\Cdac\Web-Development in Java\softwares-20250504T044922Z-1-001\softwares\sts-4.30.0.RELEASE\plugins\org.eclipse.m2e.maven.runtime_3.9.900.20250220-2013\jars\maven-resolver-provider-3.9.9.jar
2025-07-22 20:48:44,458 [Worker-8: Launching Feastify] INFO  o.eclipse.m2e.core.internal.Bundles - 	Entry: D:\Cdac\Web-Development in Java\softwares-20250504T044922Z-1-001\softwares\sts-4.30.0.RELEASE\plugins\org.eclipse.m2e.maven.runtime_3.9.900.20250220-2013\jars\maven-resolver-spi-1.9.22.jar
2025-07-22 20:48:44,458 [Worker-8: Launching Feastify] INFO  o.eclipse.m2e.core.internal.Bundles - 	Entry: D:\Cdac\Web-Development in Java\softwares-20250504T044922Z-1-001\softwares\sts-4.30.0.RELEASE\plugins\org.eclipse.m2e.maven.runtime_3.9.900.20250220-2013\jars\maven-resolver-transport-file-1.9.22.jar
2025-07-22 20:48:44,458 [Worker-8: Launching Feastify] INFO  o.eclipse.m2e.core.internal.Bundles - 	Entry: D:\Cdac\Web-Development in Java\softwares-20250504T044922Z-1-001\softwares\sts-4.30.0.RELEASE\plugins\org.eclipse.m2e.maven.runtime_3.9.900.20250220-2013\jars\maven-resolver-transport-http-1.9.22.jar
2025-07-22 20:48:44,458 [Worker-8: Launching Feastify] INFO  o.eclipse.m2e.core.internal.Bundles - 	Entry: D:\Cdac\Web-Development in Java\softwares-20250504T044922Z-1-001\softwares\sts-4.30.0.RELEASE\plugins\org.eclipse.m2e.maven.runtime_3.9.900.20250220-2013\jars\maven-resolver-transport-wagon-1.9.22.jar
2025-07-22 20:48:44,458 [Worker-8: Launching Feastify] INFO  o.eclipse.m2e.core.internal.Bundles - 	Entry: D:\Cdac\Web-Development in Java\softwares-20250504T044922Z-1-001\softwares\sts-4.30.0.RELEASE\plugins\org.eclipse.m2e.maven.runtime_3.9.900.20250220-2013\jars\maven-resolver-util-1.9.22.jar
2025-07-22 20:48:44,458 [Worker-8: Launching Feastify] INFO  o.eclipse.m2e.core.internal.Bundles - 	Entry: D:\Cdac\Web-Development in Java\softwares-20250504T044922Z-1-001\softwares\sts-4.30.0.RELEASE\plugins\org.eclipse.m2e.maven.runtime_3.9.900.20250220-2013\jars\maven-settings-3.9.9.jar
2025-07-22 20:48:44,458 [Worker-8: Launching Feastify] INFO  o.eclipse.m2e.core.internal.Bundles - 	Entry: D:\Cdac\Web-Development in Java\softwares-20250504T044922Z-1-001\softwares\sts-4.30.0.RELEASE\plugins\org.eclipse.m2e.maven.runtime_3.9.900.20250220-2013\jars\maven-settings-builder-3.9.9.jar
2025-07-22 20:48:44,458 [Worker-8: Launching Feastify] INFO  o.eclipse.m2e.core.internal.Bundles - 	Entry: D:\Cdac\Web-Development in Java\softwares-20250504T044922Z-1-001\softwares\sts-4.30.0.RELEASE\plugins\org.eclipse.m2e.maven.runtime_3.9.900.20250220-2013\jars\maven-shared-utils-3.4.2.jar
2025-07-22 20:48:44,458 [Worker-8: Launching Feastify] INFO  o.eclipse.m2e.core.internal.Bundles - 	Entry: D:\Cdac\Web-Development in Java\softwares-20250504T044922Z-1-001\softwares\sts-4.30.0.RELEASE\plugins\org.eclipse.m2e.maven.runtime_3.9.900.20250220-2013\jars\org.eclipse.sisu.inject-0.9.0.M3.jar
2025-07-22 20:48:44,458 [Worker-8: Launching Feastify] INFO  o.eclipse.m2e.core.internal.Bundles - 	Entry: D:\Cdac\Web-Development in Java\softwares-20250504T044922Z-1-001\softwares\sts-4.30.0.RELEASE\plugins\org.eclipse.m2e.maven.runtime_3.9.900.20250220-2013\jars\org.eclipse.sisu.plexus-0.9.0.M3.jar
2025-07-22 20:48:44,458 [Worker-8: Launching Feastify] INFO  o.eclipse.m2e.core.internal.Bundles - 	Entry: D:\Cdac\Web-Development in Java\softwares-20250504T044922Z-1-001\softwares\sts-4.30.0.RELEASE\plugins\org.eclipse.m2e.maven.runtime_3.9.900.20250220-2013\jars\plexus-build-api-0.0.7.jar
2025-07-22 20:48:44,459 [Worker-8: Launching Feastify] INFO  o.eclipse.m2e.core.internal.Bundles - 	Entry: D:\Cdac\Web-Development in Java\softwares-20250504T044922Z-1-001\softwares\sts-4.30.0.RELEASE\plugins\org.eclipse.m2e.maven.runtime_3.9.900.20250220-2013\jars\plexus-build-api-1.2.0.jar
2025-07-22 20:48:44,459 [Worker-8: Launching Feastify] INFO  o.eclipse.m2e.core.internal.Bundles - 	Entry: D:\Cdac\Web-Development in Java\softwares-20250504T044922Z-1-001\softwares\sts-4.30.0.RELEASE\plugins\org.eclipse.m2e.maven.runtime_3.9.900.20250220-2013\jars\plexus-cipher-2.0.jar
2025-07-22 20:48:44,459 [Worker-8: Launching Feastify] INFO  o.eclipse.m2e.core.internal.Bundles - 	Entry: D:\Cdac\Web-Development in Java\softwares-20250504T044922Z-1-001\softwares\sts-4.30.0.RELEASE\plugins\org.eclipse.m2e.maven.runtime_3.9.900.20250220-2013\jars\plexus-classworlds-2.8.0.jar
2025-07-22 20:48:44,459 [Worker-8: Launching Feastify] INFO  o.eclipse.m2e.core.internal.Bundles - 	Entry: D:\Cdac\Web-Development in Java\softwares-20250504T044922Z-1-001\softwares\sts-4.30.0.RELEASE\plugins\org.eclipse.m2e.maven.runtime_3.9.900.20250220-2013\jars\plexus-component-annotations-2.1.0.jar
2025-07-22 20:48:44,459 [Worker-8: Launching Feastify] INFO  o.eclipse.m2e.core.internal.Bundles - 	Entry: D:\Cdac\Web-Development in Java\softwares-20250504T044922Z-1-001\softwares\sts-4.30.0.RELEASE\plugins\org.eclipse.m2e.maven.runtime_3.9.900.20250220-2013\jars\plexus-interpolation-1.27.jar
2025-07-22 20:48:44,459 [Worker-8: Launching Feastify] INFO  o.eclipse.m2e.core.internal.Bundles - 	Entry: D:\Cdac\Web-Development in Java\softwares-20250504T044922Z-1-001\softwares\sts-4.30.0.RELEASE\plugins\org.eclipse.m2e.maven.runtime_3.9.900.20250220-2013\jars\plexus-sec-dispatcher-2.0.jar
2025-07-22 20:48:44,459 [Worker-8: Launching Feastify] INFO  o.eclipse.m2e.core.internal.Bundles - 	Entry: D:\Cdac\Web-Development in Java\softwares-20250504T044922Z-1-001\softwares\sts-4.30.0.RELEASE\plugins\org.eclipse.m2e.maven.runtime_3.9.900.20250220-2013\jars\plexus-utils-3.5.1.jar
2025-07-22 20:48:44,459 [Worker-8: Launching Feastify] INFO  o.eclipse.m2e.core.internal.Bundles - 	Entry: D:\Cdac\Web-Development in Java\softwares-20250504T044922Z-1-001\softwares\sts-4.30.0.RELEASE\plugins\org.eclipse.m2e.maven.runtime_3.9.900.20250220-2013\jars\plexus-xml-3.0.1.jar
2025-07-22 20:48:44,459 [Worker-8: Launching Feastify] INFO  o.eclipse.m2e.core.internal.Bundles - 	Entry: D:\Cdac\Web-Development in Java\softwares-20250504T044922Z-1-001\softwares\sts-4.30.0.RELEASE\plugins\org.eclipse.m2e.maven.runtime_3.9.900.20250220-2013\jars\wagon-file-3.5.3.jar
2025-07-22 20:48:44,459 [Worker-8: Launching Feastify] INFO  o.eclipse.m2e.core.internal.Bundles - 	Entry: D:\Cdac\Web-Development in Java\softwares-20250504T044922Z-1-001\softwares\sts-4.30.0.RELEASE\plugins\org.eclipse.m2e.maven.runtime_3.9.900.20250220-2013\jars\wagon-http-3.5.3.jar
2025-07-22 20:48:44,459 [Worker-8: Launching Feastify] INFO  o.eclipse.m2e.core.internal.Bundles - 	Entry: D:\Cdac\Web-Development in Java\softwares-20250504T044922Z-1-001\softwares\sts-4.30.0.RELEASE\plugins\org.eclipse.m2e.maven.runtime_3.9.900.20250220-2013\jars\wagon-http-shared-3.5.3.jar
2025-07-22 20:48:44,459 [Worker-8: Launching Feastify] INFO  o.eclipse.m2e.core.internal.Bundles - 	Entry: D:\Cdac\Web-Development in Java\softwares-20250504T044922Z-1-001\softwares\sts-4.30.0.RELEASE\plugins\org.eclipse.m2e.maven.runtime_3.9.900.20250220-2013\jars\wagon-provider-api-3.5.3.jar
2025-07-22 20:48:44,460 [Worker-8: Launching Feastify] INFO  o.eclipse.m2e.core.internal.Bundles - getClasspathEntries(Bundle=com.google.guava_33.4.0.jre [29])
2025-07-22 20:48:44,460 [Worker-8: Launching Feastify] INFO  o.eclipse.m2e.core.internal.Bundles - 	Entry: D:\Cdac\Web-Development in Java\softwares-20250504T044922Z-1-001\softwares\sts-4.30.0.RELEASE\plugins\com.google.guava_33.4.0.jre.jar
2025-07-22 20:48:44,460 [Worker-8: Launching Feastify] INFO  o.eclipse.m2e.core.internal.Bundles - getClasspathEntries(Bundle=slf4j.api_2.0.17 [608])
2025-07-22 20:48:44,461 [Worker-8: Launching Feastify] INFO  o.eclipse.m2e.core.internal.Bundles - 	Entry: D:\Cdac\Web-Development in Java\softwares-20250504T044922Z-1-001\softwares\sts-4.30.0.RELEASE\plugins\slf4j.api_2.0.17.jar
2025-07-22 20:48:44,461 [Worker-8: Launching Feastify] INFO  o.eclipse.m2e.core.internal.Bundles - getClasspathEntries(Bundle=javax.inject_1.0.0.v20220405-0441 [759])
2025-07-22 20:48:44,461 [Worker-8: Launching Feastify] INFO  o.eclipse.m2e.core.internal.Bundles - 	Entry: D:\Cdac\Web-Development in Java\softwares-20250504T044922Z-1-001\softwares\sts-4.30.0.RELEASE\plugins\javax.inject_1.0.0.v20220405-0441.jar
2025-07-22 20:48:44,461 [Worker-8: Launching Feastify] INFO  o.eclipse.m2e.core.internal.Bundles - getClasspathEntries(Bundle=javax.annotation_1.3.5.v20230504-0748 [758])
2025-07-22 20:48:44,461 [Worker-8: Launching Feastify] INFO  o.eclipse.m2e.core.internal.Bundles - 	Entry: D:\Cdac\Web-Development in Java\softwares-20250504T044922Z-1-001\softwares\sts-4.30.0.RELEASE\plugins\javax.annotation_1.3.5.v20230504-0748.jar
2025-07-22 20:48:44,461 [Worker-8: Launching Feastify] INFO  o.eclipse.m2e.core.internal.Bundles - getClasspathEntries(Bundle=org.apache.commons.cli_1.9.0 [77])
2025-07-22 20:48:44,461 [Worker-8: Launching Feastify] INFO  o.eclipse.m2e.core.internal.Bundles - 	Entry: D:\Cdac\Web-Development in Java\softwares-20250504T044922Z-1-001\softwares\sts-4.30.0.RELEASE\plugins\org.apache.commons.cli_1.9.0.jar
2025-07-22 20:48:44,462 [Worker-8: Launching Feastify] INFO  o.eclipse.m2e.core.internal.Bundles - getClasspathEntries(Bundle=org.apache.commons.commons-codec_1.16.0 [79])
2025-07-22 20:48:44,462 [Worker-8: Launching Feastify] INFO  o.eclipse.m2e.core.internal.Bundles - 	Entry: D:\Cdac\Web-Development in Java\softwares-20250504T044922Z-1-001\softwares\sts-4.30.0.RELEASE\plugins\org.apache.commons.commons-codec_1.16.0.jar
2025-07-22 20:48:44,462 [Worker-8: Launching Feastify] INFO  o.eclipse.m2e.core.internal.Bundles - getClasspathEntries(Bundle=com.google.guava.failureaccess_1.0.2 [30])
2025-07-22 20:48:44,462 [Worker-8: Launching Feastify] INFO  o.eclipse.m2e.core.internal.Bundles - 	Entry: D:\Cdac\Web-Development in Java\softwares-20250504T044922Z-1-001\softwares\sts-4.30.0.RELEASE\plugins\com.google.guava.failureaccess_1.0.2.jar
2025-07-22 20:48:44,463 [Worker-8: Launching Feastify] INFO  o.e.m.i.launch.MavenLaunchDelegate - Run build in "D:\Project CDAC\Feastify - Online Food Ordering Project\Feastify":
2025-07-22 20:48:44,464 [Worker-8: Launching Feastify] INFO  o.e.m.i.launch.MavenLaunchDelegate -  mvn  -Ppom.xml -B -Dstyle.color=always 
2025-07-22 20:49:37,095 [Worker-6: Loading available Gradle versions] INFO  o.e.b.c.i.u.g.PublishedGradleVersions - Gradle version information cache is up-to-date. Trying to read.
2025-07-22 21:14:33,725 [Worker-12: Building] INFO  o.a.m.s.f.DefaultMavenResourcesFiltering - Copying 1 resource from src\main\resources to target\classes
2025-07-22 21:14:33,745 [Worker-12: Building] INFO  o.a.m.s.f.DefaultMavenResourcesFiltering - Copying 0 resource from src\main\resources to target\classes
2025-07-22 21:14:33,751 [Worker-12: Building] INFO  o.a.m.s.f.DefaultMavenResourcesFiltering - skip non existing resourceDirectory D:\Project CDAC\Feastify - Online Food Ordering Project\Feastify\src\test\resources
2025-07-23 08:41:38,365 [Worker-4: Loading available Gradle versions] INFO  o.e.b.c.i.u.g.PublishedGradleVersions - Gradle version information cache is up-to-date. Trying to read.
